Performing C SOURCE FILE Test CMAKE_HAVE_LIBC_PTHREAD failed with the following output:
Change Dir: E:/Coding/github repo/pbrt-v3/pbrt-v3/out/build/x64-Debug/CMakeFiles/CMakeTmp

Run Build Command(s):E:/Coding/IDE/Visual Studio/Visual Studio IDE/Common7/IDE/CommonExtensions/Microsoft/CMake/Ninja/ninja.exe cmTC_e470a && [1/2] Building C object CMakeFiles\cmTC_e470a.dir\src.c.obj
FAILED: CMakeFiles/cmTC_e470a.dir/src.c.obj 
"E:\Coding\IDE\Visual Studio\Visual Studio IDE\VC\Tools\MSVC\14.34.31933\bin\Hostx64\x64\cl.exe"  /nologo -DCMAKE_HAVE_LIBC_PTHREAD  /DWIN32 /D_WINDOWS /W3  /MDd /Zi /Ob0 /Od /RTC1 /showIncludes /FoCMakeFiles\cmTC_e470a.dir\src.c.obj /FdCMakeFiles\cmTC_e470a.dir\ /FS -c "E:\Coding\github repo\pbrt-v3\pbrt-v3\out\build\x64-Debug\CMakeFiles\CMakeTmp\src.c"
E:\Coding\github repo\pbrt-v3\pbrt-v3\out\build\x64-Debug\CMakeFiles\CMakeTmp\src.c(1): fatal error C1083: Cannot open include file: 'pthread.h': No such file or directory
ninja: build stopped: subcommand failed.


Source file was:
#include <pthread.h>

static void* test_func(void* data)
{
  return data;
}

int main(void)
{
  pthread_t thread;
  pthread_create(&thread, NULL, test_func, NULL);
  pthread_detach(thread);
  pthread_cancel(thread);
  pthread_join(thread, NULL);
  pthread_atfork(NULL, NULL, NULL);
  pthread_exit(NULL);

  return 0;
}

Determining if the function pthread_create exists in the pthreads failed with the following output:
Change Dir: E:/Coding/github repo/pbrt-v3/pbrt-v3/out/build/x64-Debug/CMakeFiles/CMakeTmp

Run Build Command(s):E:/Coding/IDE/Visual Studio/Visual Studio IDE/Common7/IDE/CommonExtensions/Microsoft/CMake/Ninja/ninja.exe cmTC_acfa9 && [1/2] Building C object CMakeFiles\cmTC_acfa9.dir\CheckFunctionExists.c.obj
[2/2] Linking C executable cmTC_acfa9.exe
FAILED: cmTC_acfa9.exe 
cmd.exe /C "cd . && "E:\Coding\IDE\Visual Studio\Visual Studio IDE\Common7\IDE\CommonExtensions\Microsoft\CMake\CMake\bin\cmake.exe" -E vs_link_exe --intdir=CMakeFiles\cmTC_acfa9.dir --rc=D:\WINDOW~1\10\bin\100220~1.0\x64\rc.exe --mt=D:\WINDOW~1\10\bin\100220~1.0\x64\mt.exe --manifests  -- "E:\Coding\IDE\Visual Studio\Visual Studio IDE\VC\Tools\MSVC\14.34.31933\bin\Hostx64\x64\link.exe" /nologo CMakeFiles\cmTC_acfa9.dir\CheckFunctionExists.c.obj  /out:cmTC_acfa9.exe /implib:cmTC_acfa9.lib /pdb:cmTC_acfa9.pdb /version:0.0 /machine:x64  /debug /INCREMENTAL /subsystem:console  pthreads.lib  kernel32.lib user32.lib gdi32.lib winspool.lib shell32.lib ole32.lib oleaut32.lib uuid.lib comdlg32.lib advapi32.lib && cd ."
LINK Pass 1: command "E:\Coding\IDE\Visual Studio\Visual Studio IDE\VC\Tools\MSVC\14.34.31933\bin\Hostx64\x64\link.exe /nologo CMakeFiles\cmTC_acfa9.dir\CheckFunctionExists.c.obj /out:cmTC_acfa9.exe /implib:cmTC_acfa9.lib /pdb:cmTC_acfa9.pdb /version:0.0 /machine:x64 /debug /INCREMENTAL /subsystem:console pthreads.lib kernel32.lib user32.lib gdi32.lib winspool.lib shell32.lib ole32.lib oleaut32.lib uuid.lib comdlg32.lib advapi32.lib /MANIFEST /MANIFESTFILE:CMakeFiles\cmTC_acfa9.dir/intermediate.manifest CMakeFiles\cmTC_acfa9.dir/manifest.res" failed (exit code 1104) with the following output:
LINK : fatal error LNK1104: cannot open file 'pthreads.lib'
ninja: build stopped: subcommand failed.



Determining if the function pthread_create exists in the pthread failed with the following output:
Change Dir: E:/Coding/github repo/pbrt-v3/pbrt-v3/out/build/x64-Debug/CMakeFiles/CMakeTmp

Run Build Command(s):E:/Coding/IDE/Visual Studio/Visual Studio IDE/Common7/IDE/CommonExtensions/Microsoft/CMake/Ninja/ninja.exe cmTC_8f907 && [1/2] Building C object CMakeFiles\cmTC_8f907.dir\CheckFunctionExists.c.obj
[2/2] Linking C executable cmTC_8f907.exe
FAILED: cmTC_8f907.exe 
cmd.exe /C "cd . && "E:\Coding\IDE\Visual Studio\Visual Studio IDE\Common7\IDE\CommonExtensions\Microsoft\CMake\CMake\bin\cmake.exe" -E vs_link_exe --intdir=CMakeFiles\cmTC_8f907.dir --rc=D:\WINDOW~1\10\bin\100220~1.0\x64\rc.exe --mt=D:\WINDOW~1\10\bin\100220~1.0\x64\mt.exe --manifests  -- "E:\Coding\IDE\Visual Studio\Visual Studio IDE\VC\Tools\MSVC\14.34.31933\bin\Hostx64\x64\link.exe" /nologo CMakeFiles\cmTC_8f907.dir\CheckFunctionExists.c.obj  /out:cmTC_8f907.exe /implib:cmTC_8f907.lib /pdb:cmTC_8f907.pdb /version:0.0 /machine:x64  /debug /INCREMENTAL /subsystem:console  pthread.lib  kernel32.lib user32.lib gdi32.lib winspool.lib shell32.lib ole32.lib oleaut32.lib uuid.lib comdlg32.lib advapi32.lib && cd ."
LINK Pass 1: command "E:\Coding\IDE\Visual Studio\Visual Studio IDE\VC\Tools\MSVC\14.34.31933\bin\Hostx64\x64\link.exe /nologo CMakeFiles\cmTC_8f907.dir\CheckFunctionExists.c.obj /out:cmTC_8f907.exe /implib:cmTC_8f907.lib /pdb:cmTC_8f907.pdb /version:0.0 /machine:x64 /debug /INCREMENTAL /subsystem:console pthread.lib kernel32.lib user32.lib gdi32.lib winspool.lib shell32.lib ole32.lib oleaut32.lib uuid.lib comdlg32.lib advapi32.lib /MANIFEST /MANIFESTFILE:CMakeFiles\cmTC_8f907.dir/intermediate.manifest CMakeFiles\cmTC_8f907.dir/manifest.res" failed (exit code 1104) with the following output:
LINK : fatal error LNK1104: cannot open file 'pthread.lib'
ninja: build stopped: subcommand failed.



Determining if files alloca.h exist failed with the following output:
Change Dir: E:/Coding/github repo/pbrt-v3/pbrt-v3/out/build/x64-Debug/CMakeFiles/CMakeTmp

Run Build Command(s):E:/Coding/IDE/Visual Studio/Visual Studio IDE/Common7/IDE/CommonExtensions/Microsoft/CMake/Ninja/ninja.exe cmTC_3e878 && [1/2] Building C object CMakeFiles\cmTC_3e878.dir\HAVE_ALLOCA_H.c.obj
FAILED: CMakeFiles/cmTC_3e878.dir/HAVE_ALLOCA_H.c.obj 
"E:\Coding\IDE\Visual Studio\Visual Studio IDE\VC\Tools\MSVC\14.34.31933\bin\Hostx64\x64\cl.exe"  /nologo   /DWIN32 /D_WINDOWS /W3  /MDd /Zi /Ob0 /Od /RTC1 /showIncludes /FoCMakeFiles\cmTC_3e878.dir\HAVE_ALLOCA_H.c.obj /FdCMakeFiles\cmTC_3e878.dir\ /FS -c "E:\Coding\github repo\pbrt-v3\pbrt-v3\out\build\x64-Debug\CMakeFiles\CheckIncludeFiles\HAVE_ALLOCA_H.c"
E:\Coding\github repo\pbrt-v3\pbrt-v3\out\build\x64-Debug\CMakeFiles\CheckIncludeFiles\HAVE_ALLOCA_H.c(2): fatal error C1083: Cannot open include file: 'alloca.h': No such file or directory
ninja: build stopped: subcommand failed.


Source:
/* */
#include <alloca.h>


int main(void){return 0;}

Performing C++ SOURCE FILE Test HAVE_ITIMER failed with the following compile output:
Change Dir: E:/Coding/github repo/pbrt-v3/pbrt-v3/out/build/x64-Debug/CMakeFiles/CMakeTmp

Run Build Command(s):E:/Coding/IDE/Visual Studio/Visual Studio IDE/Common7/IDE/CommonExtensions/Microsoft/CMake/Ninja/ninja.exe cmTC_db6ae && [1/2] Building CXX object CMakeFiles\cmTC_db6ae.dir\src.cxx.obj
FAILED: CMakeFiles/cmTC_db6ae.dir/src.cxx.obj 
"E:\Coding\IDE\Visual Studio\Visual Studio IDE\VC\Tools\MSVC\14.34.31933\bin\Hostx64\x64\cl.exe"  /nologo /TP -DHAVE_ITIMER  /DWIN32 /D_WINDOWS /W3 /GR /EHsc  /MDd /Zi /Ob0 /Od /RTC1 /showIncludes /FoCMakeFiles\cmTC_db6ae.dir\src.cxx.obj /FdCMakeFiles\cmTC_db6ae.dir\ /FS -c "E:\Coding\github repo\pbrt-v3\pbrt-v3\out\build\x64-Debug\CMakeFiles\CMakeTmp\src.cxx"
E:\Coding\github repo\pbrt-v3\pbrt-v3\out\build\x64-Debug\CMakeFiles\CMakeTmp\src.cxx(4): fatal error C1083: Cannot open include file: 'sys/time.h': No such file or directory
ninja: build stopped: subcommand failed.


...and run output:

Return value: 1
Source file was:

#include <signal.h>
#include <string.h>
#include <sys/time.h>
void ReportProfileSample(int, siginfo_t *, void *) { }
int main() {
    struct sigaction sa;
    memset(&sa, 0, sizeof(sa));
    sa.sa_sigaction = ReportProfileSample;
    sa.sa_flags = SA_RESTART | SA_SIGINFO;
    sigemptyset(&sa.sa_mask);
    sigaction(SIGPROF, &sa, NULL);
    static struct itimerval timer;
    return setitimer(ITIMER_PROF, &timer, NULL) == 0 ? 0 : 1;
}

Performing C++ SOURCE FILE Test HAVE_MMAP failed with the following output:
Change Dir: E:/Coding/github repo/pbrt-v3/pbrt-v3/out/build/x64-Debug/CMakeFiles/CMakeTmp

Run Build Command(s):E:/Coding/IDE/Visual Studio/Visual Studio IDE/Common7/IDE/CommonExtensions/Microsoft/CMake/Ninja/ninja.exe cmTC_43252 && [1/2] Building CXX object CMakeFiles\cmTC_43252.dir\src.cxx.obj
FAILED: CMakeFiles/cmTC_43252.dir/src.cxx.obj 
"E:\Coding\IDE\Visual Studio\Visual Studio IDE\VC\Tools\MSVC\14.34.31933\bin\Hostx64\x64\cl.exe"  /nologo /TP -DHAVE_MMAP  /DWIN32 /D_WINDOWS /W3 /GR /EHsc  /MDd /Zi /Ob0 /Od /RTC1 /showIncludes /FoCMakeFiles\cmTC_43252.dir\src.cxx.obj /FdCMakeFiles\cmTC_43252.dir\ /FS -c "E:\Coding\github repo\pbrt-v3\pbrt-v3\out\build\x64-Debug\CMakeFiles\CMakeTmp\src.cxx"
E:\Coding\github repo\pbrt-v3\pbrt-v3\out\build\x64-Debug\CMakeFiles\CMakeTmp\src.cxx(3): fatal error C1083: Cannot open include file: 'sys/mman.h': No such file or directory
ninja: build stopped: subcommand failed.


Source file was:

#include <fcntl.h>
#include <sys/mman.h>
#include <sys/stat.h>
#include <sys/types.h>
int main() {
   int fd = open("foo", O_RDONLY);
   struct stat s;
   fstat(fd, &s);
   size_t len = s.st_size;
   void *ptr = mmap(0, len, PROT_READ, MAP_FILE | MAP_SHARED, fd, 0);
   munmap(ptr, len);   
}

Performing C++ SOURCE FILE Test HAVE_ATTRIBUTE_NOINLINE failed with the following output:
Change Dir: E:/Coding/github repo/pbrt-v3/pbrt-v3/out/build/x64-Debug/CMakeFiles/CMakeTmp

Run Build Command(s):E:/Coding/IDE/Visual Studio/Visual Studio IDE/Common7/IDE/CommonExtensions/Microsoft/CMake/Ninja/ninja.exe cmTC_9d75c && [1/2] Building CXX object CMakeFiles\cmTC_9d75c.dir\src.cxx.obj
FAILED: CMakeFiles/cmTC_9d75c.dir/src.cxx.obj 
"E:\Coding\IDE\Visual Studio\Visual Studio IDE\VC\Tools\MSVC\14.34.31933\bin\Hostx64\x64\cl.exe"  /nologo /TP -DHAVE_ATTRIBUTE_NOINLINE  /DWIN32 /D_WINDOWS /W3 /GR /EHsc  /MDd /Zi /Ob0 /Od /RTC1 /showIncludes /FoCMakeFiles\cmTC_9d75c.dir\src.cxx.obj /FdCMakeFiles\cmTC_9d75c.dir\ /FS -c "E:\Coding\github repo\pbrt-v3\pbrt-v3\out\build\x64-Debug\CMakeFiles\CMakeTmp\src.cxx"
E:\Coding\github repo\pbrt-v3\pbrt-v3\out\build\x64-Debug\CMakeFiles\CMakeTmp\src.cxx(1): error C2065: 'noinline': undeclared identifier
E:\Coding\github repo\pbrt-v3\pbrt-v3\out\build\x64-Debug\CMakeFiles\CMakeTmp\src.cxx(1): error C4430: missing type specifier - int assumed. Note: C++ does not support default-int
E:\Coding\github repo\pbrt-v3\pbrt-v3\out\build\x64-Debug\CMakeFiles\CMakeTmp\src.cxx(1): error C2062: type 'void' unexpected
E:\Coding\github repo\pbrt-v3\pbrt-v3\out\build\x64-Debug\CMakeFiles\CMakeTmp\src.cxx(1): error C2143: syntax error: missing ';' before '{'
E:\Coding\github repo\pbrt-v3\pbrt-v3\out\build\x64-Debug\CMakeFiles\CMakeTmp\src.cxx(1): error C2447: '{': missing function header (old-style formal list?)
ninja: build stopped: subcommand failed.


Source file was:
__attribute__((noinline)) void foo() { }
int main() { }
Performing C SOURCE FILE Test CMAKE_HAVE_LIBC_PTHREAD failed with the following output:
Change Dir: E:/Coding/github repo/pbrt-v3/pbrt-v3/out/build/x64-Debug/CMakeFiles/CMakeTmp

Run Build Command(s):E:/Coding/IDE/Visual Studio/Visual Studio IDE/Common7/IDE/CommonExtensions/Microsoft/CMake/Ninja/ninja.exe cmTC_5a5d0 && [1/2] Building C object CMakeFiles\cmTC_5a5d0.dir\src.c.obj
FAILED: CMakeFiles/cmTC_5a5d0.dir/src.c.obj 
"E:\Coding\IDE\Visual Studio\Visual Studio IDE\VC\Tools\MSVC\14.34.31933\bin\Hostx64\x64\cl.exe"  /nologo -DCMAKE_HAVE_LIBC_PTHREAD  /DWIN32 /D_WINDOWS /W3  /MDd /Zi /Ob0 /Od /RTC1 /showIncludes /FoCMakeFiles\cmTC_5a5d0.dir\src.c.obj /FdCMakeFiles\cmTC_5a5d0.dir\ /FS -c "E:\Coding\github repo\pbrt-v3\pbrt-v3\out\build\x64-Debug\CMakeFiles\CMakeTmp\src.c"
E:\Coding\github repo\pbrt-v3\pbrt-v3\out\build\x64-Debug\CMakeFiles\CMakeTmp\src.c(1): fatal error C1083: Cannot open include file: 'pthread.h': No such file or directory
ninja: build stopped: subcommand failed.


Source file was:
#include <pthread.h>

static void* test_func(void* data)
{
  return data;
}

int main(void)
{
  pthread_t thread;
  pthread_create(&thread, NULL, test_func, NULL);
  pthread_detach(thread);
  pthread_cancel(thread);
  pthread_join(thread, NULL);
  pthread_atfork(NULL, NULL, NULL);
  pthread_exit(NULL);

  return 0;
}

Determining if the function pthread_create exists in the pthreads failed with the following output:
Change Dir: E:/Coding/github repo/pbrt-v3/pbrt-v3/out/build/x64-Debug/CMakeFiles/CMakeTmp

Run Build Command(s):E:/Coding/IDE/Visual Studio/Visual Studio IDE/Common7/IDE/CommonExtensions/Microsoft/CMake/Ninja/ninja.exe cmTC_307c5 && [1/2] Building C object CMakeFiles\cmTC_307c5.dir\CheckFunctionExists.c.obj
[2/2] Linking C executable cmTC_307c5.exe
FAILED: cmTC_307c5.exe 
cmd.exe /C "cd . && "E:\Coding\IDE\Visual Studio\Visual Studio IDE\Common7\IDE\CommonExtensions\Microsoft\CMake\CMake\bin\cmake.exe" -E vs_link_exe --intdir=CMakeFiles\cmTC_307c5.dir --rc=D:\WINDOW~1\10\bin\100220~1.0\x64\rc.exe --mt=D:\WINDOW~1\10\bin\100220~1.0\x64\mt.exe --manifests  -- "E:\Coding\IDE\Visual Studio\Visual Studio IDE\VC\Tools\MSVC\14.34.31933\bin\Hostx64\x64\link.exe" /nologo CMakeFiles\cmTC_307c5.dir\CheckFunctionExists.c.obj  /out:cmTC_307c5.exe /implib:cmTC_307c5.lib /pdb:cmTC_307c5.pdb /version:0.0 /machine:x64  /debug /INCREMENTAL /subsystem:console  pthreads.lib  kernel32.lib user32.lib gdi32.lib winspool.lib shell32.lib ole32.lib oleaut32.lib uuid.lib comdlg32.lib advapi32.lib && cd ."
LINK Pass 1: command "E:\Coding\IDE\Visual Studio\Visual Studio IDE\VC\Tools\MSVC\14.34.31933\bin\Hostx64\x64\link.exe /nologo CMakeFiles\cmTC_307c5.dir\CheckFunctionExists.c.obj /out:cmTC_307c5.exe /implib:cmTC_307c5.lib /pdb:cmTC_307c5.pdb /version:0.0 /machine:x64 /debug /INCREMENTAL /subsystem:console pthreads.lib kernel32.lib user32.lib gdi32.lib winspool.lib shell32.lib ole32.lib oleaut32.lib uuid.lib comdlg32.lib advapi32.lib /MANIFEST /MANIFESTFILE:CMakeFiles\cmTC_307c5.dir/intermediate.manifest CMakeFiles\cmTC_307c5.dir/manifest.res" failed (exit code 1104) with the following output:
LINK : fatal error LNK1104: cannot open file 'pthreads.lib'
ninja: build stopped: subcommand failed.



Determining if the function pthread_create exists in the pthread failed with the following output:
Change Dir: E:/Coding/github repo/pbrt-v3/pbrt-v3/out/build/x64-Debug/CMakeFiles/CMakeTmp

Run Build Command(s):E:/Coding/IDE/Visual Studio/Visual Studio IDE/Common7/IDE/CommonExtensions/Microsoft/CMake/Ninja/ninja.exe cmTC_1ba60 && [1/2] Building C object CMakeFiles\cmTC_1ba60.dir\CheckFunctionExists.c.obj
[2/2] Linking C executable cmTC_1ba60.exe
FAILED: cmTC_1ba60.exe 
cmd.exe /C "cd . && "E:\Coding\IDE\Visual Studio\Visual Studio IDE\Common7\IDE\CommonExtensions\Microsoft\CMake\CMake\bin\cmake.exe" -E vs_link_exe --intdir=CMakeFiles\cmTC_1ba60.dir --rc=D:\WINDOW~1\10\bin\100220~1.0\x64\rc.exe --mt=D:\WINDOW~1\10\bin\100220~1.0\x64\mt.exe --manifests  -- "E:\Coding\IDE\Visual Studio\Visual Studio IDE\VC\Tools\MSVC\14.34.31933\bin\Hostx64\x64\link.exe" /nologo CMakeFiles\cmTC_1ba60.dir\CheckFunctionExists.c.obj  /out:cmTC_1ba60.exe /implib:cmTC_1ba60.lib /pdb:cmTC_1ba60.pdb /version:0.0 /machine:x64  /debug /INCREMENTAL /subsystem:console  pthread.lib  kernel32.lib user32.lib gdi32.lib winspool.lib shell32.lib ole32.lib oleaut32.lib uuid.lib comdlg32.lib advapi32.lib && cd ."
LINK Pass 1: command "E:\Coding\IDE\Visual Studio\Visual Studio IDE\VC\Tools\MSVC\14.34.31933\bin\Hostx64\x64\link.exe /nologo CMakeFiles\cmTC_1ba60.dir\CheckFunctionExists.c.obj /out:cmTC_1ba60.exe /implib:cmTC_1ba60.lib /pdb:cmTC_1ba60.pdb /version:0.0 /machine:x64 /debug /INCREMENTAL /subsystem:console pthread.lib kernel32.lib user32.lib gdi32.lib winspool.lib shell32.lib ole32.lib oleaut32.lib uuid.lib comdlg32.lib advapi32.lib /MANIFEST /MANIFESTFILE:CMakeFiles\cmTC_1ba60.dir/intermediate.manifest CMakeFiles\cmTC_1ba60.dir/manifest.res" failed (exit code 1104) with the following output:
LINK : fatal error LNK1104: cannot open file 'pthread.lib'
ninja: build stopped: subcommand failed.



Determining if files alloca.h exist failed with the following output:
Change Dir: E:/Coding/github repo/pbrt-v3/pbrt-v3/out/build/x64-Debug/CMakeFiles/CMakeTmp

Run Build Command(s):E:/Coding/IDE/Visual Studio/Visual Studio IDE/Common7/IDE/CommonExtensions/Microsoft/CMake/Ninja/ninja.exe cmTC_599b3 && [1/2] Building C object CMakeFiles\cmTC_599b3.dir\HAVE_ALLOCA_H.c.obj
FAILED: CMakeFiles/cmTC_599b3.dir/HAVE_ALLOCA_H.c.obj 
"E:\Coding\IDE\Visual Studio\Visual Studio IDE\VC\Tools\MSVC\14.34.31933\bin\Hostx64\x64\cl.exe"  /nologo   /DWIN32 /D_WINDOWS /W3  /MDd /Zi /Ob0 /Od /RTC1 /showIncludes /FoCMakeFiles\cmTC_599b3.dir\HAVE_ALLOCA_H.c.obj /FdCMakeFiles\cmTC_599b3.dir\ /FS -c "E:\Coding\github repo\pbrt-v3\pbrt-v3\out\build\x64-Debug\CMakeFiles\CheckIncludeFiles\HAVE_ALLOCA_H.c"
E:\Coding\github repo\pbrt-v3\pbrt-v3\out\build\x64-Debug\CMakeFiles\CheckIncludeFiles\HAVE_ALLOCA_H.c(2): fatal error C1083: Cannot open include file: 'alloca.h': No such file or directory
ninja: build stopped: subcommand failed.


Source:
/* */
#include <alloca.h>


int main(void){return 0;}

Performing C++ SOURCE FILE Test HAVE_ITIMER failed with the following compile output:
Change Dir: E:/Coding/github repo/pbrt-v3/pbrt-v3/out/build/x64-Debug/CMakeFiles/CMakeTmp

Run Build Command(s):E:/Coding/IDE/Visual Studio/Visual Studio IDE/Common7/IDE/CommonExtensions/Microsoft/CMake/Ninja/ninja.exe cmTC_d2f1c && [1/2] Building CXX object CMakeFiles\cmTC_d2f1c.dir\src.cxx.obj
FAILED: CMakeFiles/cmTC_d2f1c.dir/src.cxx.obj 
"E:\Coding\IDE\Visual Studio\Visual Studio IDE\VC\Tools\MSVC\14.34.31933\bin\Hostx64\x64\cl.exe"  /nologo /TP -DHAVE_ITIMER  /DWIN32 /D_WINDOWS /W3 /GR /EHsc  /MDd /Zi /Ob0 /Od /RTC1 /showIncludes /FoCMakeFiles\cmTC_d2f1c.dir\src.cxx.obj /FdCMakeFiles\cmTC_d2f1c.dir\ /FS -c "E:\Coding\github repo\pbrt-v3\pbrt-v3\out\build\x64-Debug\CMakeFiles\CMakeTmp\src.cxx"
E:\Coding\github repo\pbrt-v3\pbrt-v3\out\build\x64-Debug\CMakeFiles\CMakeTmp\src.cxx(4): fatal error C1083: Cannot open include file: 'sys/time.h': No such file or directory
ninja: build stopped: subcommand failed.


...and run output:

Return value: 1
Source file was:

#include <signal.h>
#include <string.h>
#include <sys/time.h>
void ReportProfileSample(int, siginfo_t *, void *) { }
int main() {
    struct sigaction sa;
    memset(&sa, 0, sizeof(sa));
    sa.sa_sigaction = ReportProfileSample;
    sa.sa_flags = SA_RESTART | SA_SIGINFO;
    sigemptyset(&sa.sa_mask);
    sigaction(SIGPROF, &sa, NULL);
    static struct itimerval timer;
    return setitimer(ITIMER_PROF, &timer, NULL) == 0 ? 0 : 1;
}

Performing C++ SOURCE FILE Test HAVE_MMAP failed with the following output:
Change Dir: E:/Coding/github repo/pbrt-v3/pbrt-v3/out/build/x64-Debug/CMakeFiles/CMakeTmp

Run Build Command(s):E:/Coding/IDE/Visual Studio/Visual Studio IDE/Common7/IDE/CommonExtensions/Microsoft/CMake/Ninja/ninja.exe cmTC_96ec9 && [1/2] Building CXX object CMakeFiles\cmTC_96ec9.dir\src.cxx.obj
FAILED: CMakeFiles/cmTC_96ec9.dir/src.cxx.obj 
"E:\Coding\IDE\Visual Studio\Visual Studio IDE\VC\Tools\MSVC\14.34.31933\bin\Hostx64\x64\cl.exe"  /nologo /TP -DHAVE_MMAP  /DWIN32 /D_WINDOWS /W3 /GR /EHsc  /MDd /Zi /Ob0 /Od /RTC1 /showIncludes /FoCMakeFiles\cmTC_96ec9.dir\src.cxx.obj /FdCMakeFiles\cmTC_96ec9.dir\ /FS -c "E:\Coding\github repo\pbrt-v3\pbrt-v3\out\build\x64-Debug\CMakeFiles\CMakeTmp\src.cxx"
E:\Coding\github repo\pbrt-v3\pbrt-v3\out\build\x64-Debug\CMakeFiles\CMakeTmp\src.cxx(3): fatal error C1083: Cannot open include file: 'sys/mman.h': No such file or directory
ninja: build stopped: subcommand failed.


Source file was:

#include <fcntl.h>
#include <sys/mman.h>
#include <sys/stat.h>
#include <sys/types.h>
int main() {
   int fd = open("foo", O_RDONLY);
   struct stat s;
   fstat(fd, &s);
   size_t len = s.st_size;
   void *ptr = mmap(0, len, PROT_READ, MAP_FILE | MAP_SHARED, fd, 0);
   munmap(ptr, len);   
}

Performing C++ SOURCE FILE Test HAVE_ATTRIBUTE_NOINLINE failed with the following output:
Change Dir: E:/Coding/github repo/pbrt-v3/pbrt-v3/out/build/x64-Debug/CMakeFiles/CMakeTmp

Run Build Command(s):E:/Coding/IDE/Visual Studio/Visual Studio IDE/Common7/IDE/CommonExtensions/Microsoft/CMake/Ninja/ninja.exe cmTC_0a581 && [1/2] Building CXX object CMakeFiles\cmTC_0a581.dir\src.cxx.obj
FAILED: CMakeFiles/cmTC_0a581.dir/src.cxx.obj 
"E:\Coding\IDE\Visual Studio\Visual Studio IDE\VC\Tools\MSVC\14.34.31933\bin\Hostx64\x64\cl.exe"  /nologo /TP -DHAVE_ATTRIBUTE_NOINLINE  /DWIN32 /D_WINDOWS /W3 /GR /EHsc  /MDd /Zi /Ob0 /Od /RTC1 /showIncludes /FoCMakeFiles\cmTC_0a581.dir\src.cxx.obj /FdCMakeFiles\cmTC_0a581.dir\ /FS -c "E:\Coding\github repo\pbrt-v3\pbrt-v3\out\build\x64-Debug\CMakeFiles\CMakeTmp\src.cxx"
E:\Coding\github repo\pbrt-v3\pbrt-v3\out\build\x64-Debug\CMakeFiles\CMakeTmp\src.cxx(1): error C2065: 'noinline': undeclared identifier
E:\Coding\github repo\pbrt-v3\pbrt-v3\out\build\x64-Debug\CMakeFiles\CMakeTmp\src.cxx(1): error C4430: missing type specifier - int assumed. Note: C++ does not support default-int
E:\Coding\github repo\pbrt-v3\pbrt-v3\out\build\x64-Debug\CMakeFiles\CMakeTmp\src.cxx(1): error C2062: type 'void' unexpected
E:\Coding\github repo\pbrt-v3\pbrt-v3\out\build\x64-Debug\CMakeFiles\CMakeTmp\src.cxx(1): error C2143: syntax error: missing ';' before '{'
E:\Coding\github repo\pbrt-v3\pbrt-v3\out\build\x64-Debug\CMakeFiles\CMakeTmp\src.cxx(1): error C2447: '{': missing function header (old-style formal list?)
ninja: build stopped: subcommand failed.


Source file was:
__attribute__((noinline)) void foo() { }
int main() { }
Performing C++ SOURCE FILE Test HAVE_POSIX_MEMALIGN failed with the following output:
Change Dir: E:/Coding/github repo/pbrt-v3/pbrt-v3/out/build/x64-Debug/CMakeFiles/CMakeTmp

Run Build Command(s):E:/Coding/IDE/Visual Studio/Visual Studio IDE/Common7/IDE/CommonExtensions/Microsoft/CMake/Ninja/ninja.exe cmTC_8a57f && [1/2] Building CXX object CMakeFiles\cmTC_8a57f.dir\src.cxx.obj
FAILED: CMakeFiles/cmTC_8a57f.dir/src.cxx.obj 
"E:\Coding\IDE\Visual Studio\Visual Studio IDE\VC\Tools\MSVC\14.34.31933\bin\Hostx64\x64\cl.exe"  /nologo /TP -DHAVE_POSIX_MEMALIGN  /DWIN32 /D_WINDOWS /W3 /GR /EHsc  /MDd /Zi /Ob0 /Od /RTC1 /showIncludes /FoCMakeFiles\cmTC_8a57f.dir\src.cxx.obj /FdCMakeFiles\cmTC_8a57f.dir\ /FS -c "E:\Coding\github repo\pbrt-v3\pbrt-v3\out\build\x64-Debug\CMakeFiles\CMakeTmp\src.cxx"
E:\Coding\github repo\pbrt-v3\pbrt-v3\out\build\x64-Debug\CMakeFiles\CMakeTmp\src.cxx(5): error C3861: 'posix_memalign': identifier not found
ninja: build stopped: subcommand failed.


Source file was:

#include <stdlib.h>
int main() {
  void *ptr;
  posix_memalign(&ptr, 32, 1024);
} 
Performing C++ SOURCE FILE Test HAVE_MEMALIGN failed with the following output:
Change Dir: E:/Coding/github repo/pbrt-v3/pbrt-v3/out/build/x64-Debug/CMakeFiles/CMakeTmp

Run Build Command(s):E:/Coding/IDE/Visual Studio/Visual Studio IDE/Common7/IDE/CommonExtensions/Microsoft/CMake/Ninja/ninja.exe cmTC_2ce41 && [1/2] Building CXX object CMakeFiles\cmTC_2ce41.dir\src.cxx.obj
FAILED: CMakeFiles/cmTC_2ce41.dir/src.cxx.obj 
"E:\Coding\IDE\Visual Studio\Visual Studio IDE\VC\Tools\MSVC\14.34.31933\bin\Hostx64\x64\cl.exe"  /nologo /TP -DHAVE_MEMALIGN  /DWIN32 /D_WINDOWS /W3 /GR /EHsc  /MDd /Zi /Ob0 /Od /RTC1 /showIncludes /FoCMakeFiles\cmTC_2ce41.dir\src.cxx.obj /FdCMakeFiles\cmTC_2ce41.dir\ /FS -c "E:\Coding\github repo\pbrt-v3\pbrt-v3\out\build\x64-Debug\CMakeFiles\CMakeTmp\src.cxx"
E:\Coding\github repo\pbrt-v3\pbrt-v3\out\build\x64-Debug\CMakeFiles\CMakeTmp\src.cxx(4): error C3861: 'memalign': identifier not found
ninja: build stopped: subcommand failed.


Source file was:

#include <malloc.h>
int main() {
    void *ptr = memalign(32, 1024);
} 
Performing C++ SOURCE FILE Test HAVE___THREAD failed with the following output:
Change Dir: E:/Coding/github repo/pbrt-v3/pbrt-v3/out/build/x64-Debug/CMakeFiles/CMakeTmp

Run Build Command(s):E:/Coding/IDE/Visual Studio/Visual Studio IDE/Common7/IDE/CommonExtensions/Microsoft/CMake/Ninja/ninja.exe cmTC_289cb && [1/2] Building CXX object CMakeFiles\cmTC_289cb.dir\src.cxx.obj
FAILED: CMakeFiles/cmTC_289cb.dir/src.cxx.obj 
"E:\Coding\IDE\Visual Studio\Visual Studio IDE\VC\Tools\MSVC\14.34.31933\bin\Hostx64\x64\cl.exe"  /nologo /TP -DHAVE___THREAD  /DWIN32 /D_WINDOWS /W3 /GR /EHsc  /MDd /Zi /Ob0 /Od /RTC1 /showIncludes /FoCMakeFiles\cmTC_289cb.dir\src.cxx.obj /FdCMakeFiles\cmTC_289cb.dir\ /FS -c "E:\Coding\github repo\pbrt-v3\pbrt-v3\out\build\x64-Debug\CMakeFiles\CMakeTmp\src.cxx"
E:\Coding\github repo\pbrt-v3\pbrt-v3\out\build\x64-Debug\CMakeFiles\CMakeTmp\src.cxx(2): error C2144: syntax error: 'int' should be preceded by ';'
E:\Coding\github repo\pbrt-v3\pbrt-v3\out\build\x64-Debug\CMakeFiles\CMakeTmp\src.cxx(2): error C4430: missing type specifier - int assumed. Note: C++ does not support default-int
ninja: build stopped: subcommand failed.


Source file was:

__thread int x; int main() { }

Determining size of off64_t failed with the following output:
Change Dir: E:/Coding/github repo/pbrt-v3/pbrt-v3/out/build/x64-Debug/CMakeFiles/CMakeTmp

Run Build Command(s):E:/Coding/IDE/Visual Studio/Visual Studio IDE/Common7/IDE/CommonExtensions/Microsoft/CMake/Ninja/ninja.exe cmTC_52484 && [1/2] Building C object CMakeFiles\cmTC_52484.dir\OFF64_T.c.obj
FAILED: CMakeFiles/cmTC_52484.dir/OFF64_T.c.obj 
"E:\Coding\IDE\Visual Studio\Visual Studio IDE\VC\Tools\MSVC\14.34.31933\bin\Hostx64\x64\cl.exe"  /nologo -DHAVE_STDDEF_H -DHAVE_STDINT_H -DHAVE_SYS_TYPES_H -D_LARGEFILE64_SOURCE=1  /DWIN32 /D_WINDOWS /W3  /MDd /Zi /Ob0 /Od /RTC1 /showIncludes /FoCMakeFiles\cmTC_52484.dir\OFF64_T.c.obj /FdCMakeFiles\cmTC_52484.dir\ /FS -c "E:\Coding\github repo\pbrt-v3\pbrt-v3\out\build\x64-Debug\CMakeFiles\CheckTypeSize\OFF64_T.c"
E:\Coding\github repo\pbrt-v3\pbrt-v3\out\build\x64-Debug\CMakeFiles\CheckTypeSize\OFF64_T.c(29): error C2065: 'off64_t': undeclared identifier
E:\Coding\github repo\pbrt-v3\pbrt-v3\out\build\x64-Debug\CMakeFiles\CheckTypeSize\OFF64_T.c(30): error C2065: 'off64_t': undeclared identifier
E:\Coding\github repo\pbrt-v3\pbrt-v3\out\build\x64-Debug\CMakeFiles\CheckTypeSize\OFF64_T.c(31): error C2065: 'off64_t': undeclared identifier
E:\Coding\github repo\pbrt-v3\pbrt-v3\out\build\x64-Debug\CMakeFiles\CheckTypeSize\OFF64_T.c(32): error C2065: 'off64_t': undeclared identifier
E:\Coding\github repo\pbrt-v3\pbrt-v3\out\build\x64-Debug\CMakeFiles\CheckTypeSize\OFF64_T.c(33): error C2065: 'off64_t': undeclared identifier
ninja: build stopped: subcommand failed.


E:/Coding/github repo/pbrt-v3/pbrt-v3/out/build/x64-Debug/CMakeFiles/CheckTypeSize/OFF64_T.c:
#include <sys/types.h>
#include <stdint.h>
#include <stddef.h>


#undef KEY
#if defined(__i386)
# define KEY '_','_','i','3','8','6'
#elif defined(__x86_64)
# define KEY '_','_','x','8','6','_','6','4'
#elif defined(__PPC64__)
# define KEY '_','_','P','P','C','6','4','_','_'
#elif defined(__ppc64__)
# define KEY '_','_','p','p','c','6','4','_','_'
#elif defined(__PPC__)
# define KEY '_','_','P','P','C','_','_'
#elif defined(__ppc__)
# define KEY '_','_','p','p','c','_','_'
#elif defined(__aarch64__)
# define KEY '_','_','a','a','r','c','h','6','4','_','_'
#elif defined(__ARM_ARCH_7A__)
# define KEY '_','_','A','R','M','_','A','R','C','H','_','7','A','_','_'
#elif defined(__ARM_ARCH_7S__)
# define KEY '_','_','A','R','M','_','A','R','C','H','_','7','S','_','_'
#endif

#define SIZE (sizeof(off64_t))
static char info_size[] =  {'I', 'N', 'F', 'O', ':', 's','i','z','e','[',
  ('0' + ((SIZE / 10000)%10)),
  ('0' + ((SIZE / 1000)%10)),
  ('0' + ((SIZE / 100)%10)),
  ('0' + ((SIZE / 10)%10)),
  ('0' +  (SIZE    % 10)),
  ']',
#ifdef KEY
  ' ','k','e','y','[', KEY, ']',
#endif
  '\0'};

#ifdef __CLASSIC_C__
int main(argc, argv) int argc; char *argv[];
#else
int main(int argc, char *argv[])
#endif
{
  int require = 0;
  require += info_size[argc];
  (void)argv;
  return require;
}


Determining if the function fseeko exists failed with the following output:
Change Dir: E:/Coding/github repo/pbrt-v3/pbrt-v3/out/build/x64-Debug/CMakeFiles/CMakeTmp

Run Build Command(s):E:/Coding/IDE/Visual Studio/Visual Studio IDE/Common7/IDE/CommonExtensions/Microsoft/CMake/Ninja/ninja.exe cmTC_03d8f && [1/2] Building C object CMakeFiles\cmTC_03d8f.dir\CheckFunctionExists.c.obj
[2/2] Linking C executable cmTC_03d8f.exe
FAILED: cmTC_03d8f.exe 
cmd.exe /C "cd . && "E:\Coding\IDE\Visual Studio\Visual Studio IDE\Common7\IDE\CommonExtensions\Microsoft\CMake\CMake\bin\cmake.exe" -E vs_link_exe --intdir=CMakeFiles\cmTC_03d8f.dir --rc=D:\WINDOW~1\10\bin\100220~1.0\x64\rc.exe --mt=D:\WINDOW~1\10\bin\100220~1.0\x64\mt.exe --manifests  -- "E:\Coding\IDE\Visual Studio\Visual Studio IDE\VC\Tools\MSVC\14.34.31933\bin\Hostx64\x64\link.exe" /nologo CMakeFiles\cmTC_03d8f.dir\CheckFunctionExists.c.obj  /out:cmTC_03d8f.exe /implib:cmTC_03d8f.lib /pdb:cmTC_03d8f.pdb /version:0.0 /machine:x64  /debug /INCREMENTAL /subsystem:console  kernel32.lib user32.lib gdi32.lib winspool.lib shell32.lib ole32.lib oleaut32.lib uuid.lib comdlg32.lib advapi32.lib && cd ."
LINK Pass 1: command "E:\Coding\IDE\Visual Studio\Visual Studio IDE\VC\Tools\MSVC\14.34.31933\bin\Hostx64\x64\link.exe /nologo CMakeFiles\cmTC_03d8f.dir\CheckFunctionExists.c.obj /out:cmTC_03d8f.exe /implib:cmTC_03d8f.lib /pdb:cmTC_03d8f.pdb /version:0.0 /machine:x64 /debug /INCREMENTAL /subsystem:console kernel32.lib user32.lib gdi32.lib winspool.lib shell32.lib ole32.lib oleaut32.lib uuid.lib comdlg32.lib advapi32.lib /MANIFEST /MANIFESTFILE:CMakeFiles\cmTC_03d8f.dir/intermediate.manifest CMakeFiles\cmTC_03d8f.dir/manifest.res" failed (exit code 1120) with the following output:
CheckFunctionExists.c.obj : error LNK2019: unresolved external symbol fseeko referenced in function main
cmTC_03d8f.exe : fatal error LNK1120: 1 unresolved externals
ninja: build stopped: subcommand failed.



Determining if the include file unistd.h exists failed with the following output:
Change Dir: E:/Coding/github repo/pbrt-v3/pbrt-v3/out/build/x64-Debug/CMakeFiles/CMakeTmp

Run Build Command(s):E:/Coding/IDE/Visual Studio/Visual Studio IDE/Common7/IDE/CommonExtensions/Microsoft/CMake/Ninja/ninja.exe cmTC_28d49 && [1/2] Building C object CMakeFiles\cmTC_28d49.dir\CheckIncludeFile.c.obj
FAILED: CMakeFiles/cmTC_28d49.dir/CheckIncludeFile.c.obj 
"E:\Coding\IDE\Visual Studio\Visual Studio IDE\VC\Tools\MSVC\14.34.31933\bin\Hostx64\x64\cl.exe"  /nologo   /DWIN32 /D_WINDOWS /W3  /MDd /Zi /Ob0 /Od /RTC1 /showIncludes /FoCMakeFiles\cmTC_28d49.dir\CheckIncludeFile.c.obj /FdCMakeFiles\cmTC_28d49.dir\ /FS -c "E:\Coding\github repo\pbrt-v3\pbrt-v3\out\build\x64-Debug\CMakeFiles\CMakeTmp\CheckIncludeFile.c"
E:\Coding\github repo\pbrt-v3\pbrt-v3\out\build\x64-Debug\CMakeFiles\CMakeTmp\CheckIncludeFile.c(1): fatal error C1083: Cannot open include file: 'unistd.h': No such file or directory
ninja: build stopped: subcommand failed.



Performing C++ SOURCE FILE Test HAVE_GCC_INLINE_ASM_AVX failed with the following output:
Change Dir: E:/Coding/github repo/pbrt-v3/pbrt-v3/out/build/x64-Debug/CMakeFiles/CMakeTmp

Run Build Command(s):E:/Coding/IDE/Visual Studio/Visual Studio IDE/Common7/IDE/CommonExtensions/Microsoft/CMake/Ninja/ninja.exe cmTC_ab235 && [1/2] Building CXX object CMakeFiles\cmTC_ab235.dir\src.cxx.obj
FAILED: CMakeFiles/cmTC_ab235.dir/src.cxx.obj 
"E:\Coding\IDE\Visual Studio\Visual Studio IDE\VC\Tools\MSVC\14.34.31933\bin\Hostx64\x64\cl.exe"  /nologo /TP -DHAVE_GCC_INLINE_ASM_AVX  /DWIN32 /D_WINDOWS /W3 /GR /EHsc /wd4275 /wd4267 /wd4244 /wd4477 /wd4996 /wd4800 /wd4334 /wd4251 /wd4305 /wd4302 /wd4311 /wd4018  /MDd /Zi /Ob0 /Od /RTC1 /showIncludes /FoCMakeFiles\cmTC_ab235.dir\src.cxx.obj /FdCMakeFiles\cmTC_ab235.dir\ /FS -c "E:\Coding\github repo\pbrt-v3\pbrt-v3\out\build\x64-Debug\CMakeFiles\CMakeTmp\src.cxx"
E:\Coding\github repo\pbrt-v3\pbrt-v3\out\build\x64-Debug\CMakeFiles\CMakeTmp\src.cxx(13): fatal error C1189: #error:  No GCC style inline asm supported for AVX instructions
ninja: build stopped: subcommand failed.


Source file was:

	int main()
	{
	 #if defined(__GNUC__) && defined(__SSE2__)
		 int n   = 0;
		 int eax = 0;
		 int edx = 0;
		 __asm__(
			 "xgetbv     ;"
			 "vzeroupper  "
			 : "=a"(eax), "=d"(edx) : "c"(n) : );
	 #else
		 #error No GCC style inline asm supported for AVX instructions
	 #endif
	}
	
Performing C++ SOURCE FILE Test HAVE_SYSCONF_NPROCESSORS_ONLN failed with the following output:
Change Dir: E:/Coding/github repo/pbrt-v3/pbrt-v3/out/build/x64-Debug/CMakeFiles/CMakeTmp

Run Build Command(s):E:/Coding/IDE/Visual Studio/Visual Studio IDE/Common7/IDE/CommonExtensions/Microsoft/CMake/Ninja/ninja.exe cmTC_bac7e && [1/2] Building CXX object CMakeFiles\cmTC_bac7e.dir\src.cxx.obj
FAILED: CMakeFiles/cmTC_bac7e.dir/src.cxx.obj 
"E:\Coding\IDE\Visual Studio\Visual Studio IDE\VC\Tools\MSVC\14.34.31933\bin\Hostx64\x64\cl.exe"  /nologo /TP -DHAVE_SYSCONF_NPROCESSORS_ONLN  /DWIN32 /D_WINDOWS /W3 /GR /EHsc /wd4275 /wd4267 /wd4244 /wd4477 /wd4996 /wd4800 /wd4334 /wd4251 /wd4305 /wd4302 /wd4311 /wd4018  /MDd /Zi /Ob0 /Od /RTC1 /showIncludes /FoCMakeFiles\cmTC_bac7e.dir\src.cxx.obj /FdCMakeFiles\cmTC_bac7e.dir\ /FS -c "E:\Coding\github repo\pbrt-v3\pbrt-v3\out\build\x64-Debug\CMakeFiles\CMakeTmp\src.cxx"
E:\Coding\github repo\pbrt-v3\pbrt-v3\out\build\x64-Debug\CMakeFiles\CMakeTmp\src.cxx(2): fatal error C1083: Cannot open include file: 'unistd.h': No such file or directory
ninja: build stopped: subcommand failed.


Source file was:

    #include <unistd.h>
    int main()
    {
        sysconf(_SC_NPROCESSORS_ONLN);
    }
    
Determining if the include file dlfcn.h exists failed with the following output:
Change Dir: E:/Coding/github repo/pbrt-v3/pbrt-v3/out/build/x64-Debug/CMakeFiles/CMakeTmp

Run Build Command(s):E:/Coding/IDE/Visual Studio/Visual Studio IDE/Common7/IDE/CommonExtensions/Microsoft/CMake/Ninja/ninja.exe cmTC_0f438 && [1/2] Building C object CMakeFiles\cmTC_0f438.dir\CheckIncludeFile.c.obj
FAILED: CMakeFiles/cmTC_0f438.dir/CheckIncludeFile.c.obj 
"E:\Coding\IDE\Visual Studio\Visual Studio IDE\VC\Tools\MSVC\14.34.31933\bin\Hostx64\x64\cl.exe"  /nologo   /DWIN32 /D_WINDOWS /W3  /MDd /Zi /Ob0 /Od /RTC1 /showIncludes /FoCMakeFiles\cmTC_0f438.dir\CheckIncludeFile.c.obj /FdCMakeFiles\cmTC_0f438.dir\ /FS -c "E:\Coding\github repo\pbrt-v3\pbrt-v3\out\build\x64-Debug\CMakeFiles\CMakeTmp\CheckIncludeFile.c"
E:\Coding\github repo\pbrt-v3\pbrt-v3\out\build\x64-Debug\CMakeFiles\CMakeTmp\CheckIncludeFile.c(1): fatal error C1083: Cannot open include file: 'dlfcn.h': No such file or directory
ninja: build stopped: subcommand failed.



Determining if the include file execinfo.h exists failed with the following output:
Change Dir: E:/Coding/github repo/pbrt-v3/pbrt-v3/out/build/x64-Debug/CMakeFiles/CMakeTmp

Run Build Command(s):E:/Coding/IDE/Visual Studio/Visual Studio IDE/Common7/IDE/CommonExtensions/Microsoft/CMake/Ninja/ninja.exe cmTC_0b6c4 && [1/2] Building C object CMakeFiles\cmTC_0b6c4.dir\CheckIncludeFile.c.obj
FAILED: CMakeFiles/cmTC_0b6c4.dir/CheckIncludeFile.c.obj 
"E:\Coding\IDE\Visual Studio\Visual Studio IDE\VC\Tools\MSVC\14.34.31933\bin\Hostx64\x64\cl.exe"  /nologo   /DWIN32 /D_WINDOWS /W3  /MDd /Zi /Ob0 /Od /RTC1 /showIncludes /FoCMakeFiles\cmTC_0b6c4.dir\CheckIncludeFile.c.obj /FdCMakeFiles\cmTC_0b6c4.dir\ /FS -c "E:\Coding\github repo\pbrt-v3\pbrt-v3\out\build\x64-Debug\CMakeFiles\CMakeTmp\CheckIncludeFile.c"
E:\Coding\github repo\pbrt-v3\pbrt-v3\out\build\x64-Debug\CMakeFiles\CMakeTmp\CheckIncludeFile.c(1): fatal error C1083: Cannot open include file: 'execinfo.h': No such file or directory
ninja: build stopped: subcommand failed.



Determining if the include file glob.h exists failed with the following output:
Change Dir: E:/Coding/github repo/pbrt-v3/pbrt-v3/out/build/x64-Debug/CMakeFiles/CMakeTmp

Run Build Command(s):E:/Coding/IDE/Visual Studio/Visual Studio IDE/Common7/IDE/CommonExtensions/Microsoft/CMake/Ninja/ninja.exe cmTC_37fe3 && [1/2] Building C object CMakeFiles\cmTC_37fe3.dir\CheckIncludeFile.c.obj
FAILED: CMakeFiles/cmTC_37fe3.dir/CheckIncludeFile.c.obj 
"E:\Coding\IDE\Visual Studio\Visual Studio IDE\VC\Tools\MSVC\14.34.31933\bin\Hostx64\x64\cl.exe"  /nologo   /DWIN32 /D_WINDOWS /W3  /MDd /Zi /Ob0 /Od /RTC1 /showIncludes /FoCMakeFiles\cmTC_37fe3.dir\CheckIncludeFile.c.obj /FdCMakeFiles\cmTC_37fe3.dir\ /FS -c "E:\Coding\github repo\pbrt-v3\pbrt-v3\out\build\x64-Debug\CMakeFiles\CMakeTmp\CheckIncludeFile.c"
E:\Coding\github repo\pbrt-v3\pbrt-v3\out\build\x64-Debug\CMakeFiles\CMakeTmp\CheckIncludeFile.c(1): fatal error C1083: Cannot open include file: 'glob.h': No such file or directory
ninja: build stopped: subcommand failed.



Determining if the include file libunwind.h exists failed with the following output:
Change Dir: E:/Coding/github repo/pbrt-v3/pbrt-v3/out/build/x64-Debug/CMakeFiles/CMakeTmp

Run Build Command(s):E:/Coding/IDE/Visual Studio/Visual Studio IDE/Common7/IDE/CommonExtensions/Microsoft/CMake/Ninja/ninja.exe cmTC_aa609 && [1/2] Building C object CMakeFiles\cmTC_aa609.dir\CheckIncludeFile.c.obj
FAILED: CMakeFiles/cmTC_aa609.dir/CheckIncludeFile.c.obj 
"E:\Coding\IDE\Visual Studio\Visual Studio IDE\VC\Tools\MSVC\14.34.31933\bin\Hostx64\x64\cl.exe"  /nologo   /DWIN32 /D_WINDOWS /W3  /MDd /Zi /Ob0 /Od /RTC1 /showIncludes /FoCMakeFiles\cmTC_aa609.dir\CheckIncludeFile.c.obj /FdCMakeFiles\cmTC_aa609.dir\ /FS -c "E:\Coding\github repo\pbrt-v3\pbrt-v3\out\build\x64-Debug\CMakeFiles\CMakeTmp\CheckIncludeFile.c"
E:\Coding\github repo\pbrt-v3\pbrt-v3\out\build\x64-Debug\CMakeFiles\CMakeTmp\CheckIncludeFile.c(1): fatal error C1083: Cannot open include file: 'libunwind.h': No such file or directory
ninja: build stopped: subcommand failed.



Determining if the include file pwd.h exists failed with the following output:
Change Dir: E:/Coding/github repo/pbrt-v3/pbrt-v3/out/build/x64-Debug/CMakeFiles/CMakeTmp

Run Build Command(s):E:/Coding/IDE/Visual Studio/Visual Studio IDE/Common7/IDE/CommonExtensions/Microsoft/CMake/Ninja/ninja.exe cmTC_92732 && [1/2] Building C object CMakeFiles\cmTC_92732.dir\CheckIncludeFile.c.obj
FAILED: CMakeFiles/cmTC_92732.dir/CheckIncludeFile.c.obj 
"E:\Coding\IDE\Visual Studio\Visual Studio IDE\VC\Tools\MSVC\14.34.31933\bin\Hostx64\x64\cl.exe"  /nologo   /DWIN32 /D_WINDOWS /W3  /MDd /Zi /Ob0 /Od /RTC1 /showIncludes /FoCMakeFiles\cmTC_92732.dir\CheckIncludeFile.c.obj /FdCMakeFiles\cmTC_92732.dir\ /FS -c "E:\Coding\github repo\pbrt-v3\pbrt-v3\out\build\x64-Debug\CMakeFiles\CMakeTmp\CheckIncludeFile.c"
E:\Coding\github repo\pbrt-v3\pbrt-v3\out\build\x64-Debug\CMakeFiles\CMakeTmp\CheckIncludeFile.c(1): fatal error C1083: Cannot open include file: 'pwd.h': No such file or directory
ninja: build stopped: subcommand failed.



Determining if the include file strings.h exists failed with the following output:
Change Dir: E:/Coding/github repo/pbrt-v3/pbrt-v3/out/build/x64-Debug/CMakeFiles/CMakeTmp

Run Build Command(s):E:/Coding/IDE/Visual Studio/Visual Studio IDE/Common7/IDE/CommonExtensions/Microsoft/CMake/Ninja/ninja.exe cmTC_e94f9 && [1/2] Building C object CMakeFiles\cmTC_e94f9.dir\CheckIncludeFile.c.obj
FAILED: CMakeFiles/cmTC_e94f9.dir/CheckIncludeFile.c.obj 
"E:\Coding\IDE\Visual Studio\Visual Studio IDE\VC\Tools\MSVC\14.34.31933\bin\Hostx64\x64\cl.exe"  /nologo   /DWIN32 /D_WINDOWS /W3  /MDd /Zi /Ob0 /Od /RTC1 /showIncludes /FoCMakeFiles\cmTC_e94f9.dir\CheckIncludeFile.c.obj /FdCMakeFiles\cmTC_e94f9.dir\ /FS -c "E:\Coding\github repo\pbrt-v3\pbrt-v3\out\build\x64-Debug\CMakeFiles\CMakeTmp\CheckIncludeFile.c"
E:\Coding\github repo\pbrt-v3\pbrt-v3\out\build\x64-Debug\CMakeFiles\CMakeTmp\CheckIncludeFile.c(1): fatal error C1083: Cannot open include file: 'strings.h': No such file or directory
ninja: build stopped: subcommand failed.



Determining if the include file sys/syscall.h exists failed with the following output:
Change Dir: E:/Coding/github repo/pbrt-v3/pbrt-v3/out/build/x64-Debug/CMakeFiles/CMakeTmp

Run Build Command(s):E:/Coding/IDE/Visual Studio/Visual Studio IDE/Common7/IDE/CommonExtensions/Microsoft/CMake/Ninja/ninja.exe cmTC_4324f && [1/2] Building C object CMakeFiles\cmTC_4324f.dir\CheckIncludeFile.c.obj
FAILED: CMakeFiles/cmTC_4324f.dir/CheckIncludeFile.c.obj 
"E:\Coding\IDE\Visual Studio\Visual Studio IDE\VC\Tools\MSVC\14.34.31933\bin\Hostx64\x64\cl.exe"  /nologo   /DWIN32 /D_WINDOWS /W3  /MDd /Zi /Ob0 /Od /RTC1 /showIncludes /FoCMakeFiles\cmTC_4324f.dir\CheckIncludeFile.c.obj /FdCMakeFiles\cmTC_4324f.dir\ /FS -c "E:\Coding\github repo\pbrt-v3\pbrt-v3\out\build\x64-Debug\CMakeFiles\CMakeTmp\CheckIncludeFile.c"
E:\Coding\github repo\pbrt-v3\pbrt-v3\out\build\x64-Debug\CMakeFiles\CMakeTmp\CheckIncludeFile.c(1): fatal error C1083: Cannot open include file: 'sys/syscall.h': No such file or directory
ninja: build stopped: subcommand failed.



Determining if the include file sys/time.h exists failed with the following output:
Change Dir: E:/Coding/github repo/pbrt-v3/pbrt-v3/out/build/x64-Debug/CMakeFiles/CMakeTmp

Run Build Command(s):E:/Coding/IDE/Visual Studio/Visual Studio IDE/Common7/IDE/CommonExtensions/Microsoft/CMake/Ninja/ninja.exe cmTC_97b0b && [1/2] Building C object CMakeFiles\cmTC_97b0b.dir\CheckIncludeFile.c.obj
FAILED: CMakeFiles/cmTC_97b0b.dir/CheckIncludeFile.c.obj 
"E:\Coding\IDE\Visual Studio\Visual Studio IDE\VC\Tools\MSVC\14.34.31933\bin\Hostx64\x64\cl.exe"  /nologo   /DWIN32 /D_WINDOWS /W3  /MDd /Zi /Ob0 /Od /RTC1 /showIncludes /FoCMakeFiles\cmTC_97b0b.dir\CheckIncludeFile.c.obj /FdCMakeFiles\cmTC_97b0b.dir\ /FS -c "E:\Coding\github repo\pbrt-v3\pbrt-v3\out\build\x64-Debug\CMakeFiles\CMakeTmp\CheckIncludeFile.c"
E:\Coding\github repo\pbrt-v3\pbrt-v3\out\build\x64-Debug\CMakeFiles\CMakeTmp\CheckIncludeFile.c(1): fatal error C1083: Cannot open include file: 'sys/time.h': No such file or directory
ninja: build stopped: subcommand failed.



Determining if the include file sys/utsname.h exists failed with the following output:
Change Dir: E:/Coding/github repo/pbrt-v3/pbrt-v3/out/build/x64-Debug/CMakeFiles/CMakeTmp

Run Build Command(s):E:/Coding/IDE/Visual Studio/Visual Studio IDE/Common7/IDE/CommonExtensions/Microsoft/CMake/Ninja/ninja.exe cmTC_84fba && [1/2] Building C object CMakeFiles\cmTC_84fba.dir\CheckIncludeFile.c.obj
FAILED: CMakeFiles/cmTC_84fba.dir/CheckIncludeFile.c.obj 
"E:\Coding\IDE\Visual Studio\Visual Studio IDE\VC\Tools\MSVC\14.34.31933\bin\Hostx64\x64\cl.exe"  /nologo   /DWIN32 /D_WINDOWS /W3  /MDd /Zi /Ob0 /Od /RTC1 /showIncludes /FoCMakeFiles\cmTC_84fba.dir\CheckIncludeFile.c.obj /FdCMakeFiles\cmTC_84fba.dir\ /FS -c "E:\Coding\github repo\pbrt-v3\pbrt-v3\out\build\x64-Debug\CMakeFiles\CMakeTmp\CheckIncludeFile.c"
E:\Coding\github repo\pbrt-v3\pbrt-v3\out\build\x64-Debug\CMakeFiles\CMakeTmp\CheckIncludeFile.c(1): fatal error C1083: Cannot open include file: 'sys/utsname.h': No such file or directory
ninja: build stopped: subcommand failed.



Determining if the include file syscall.h exists failed with the following output:
Change Dir: E:/Coding/github repo/pbrt-v3/pbrt-v3/out/build/x64-Debug/CMakeFiles/CMakeTmp

Run Build Command(s):E:/Coding/IDE/Visual Studio/Visual Studio IDE/Common7/IDE/CommonExtensions/Microsoft/CMake/Ninja/ninja.exe cmTC_2e69e && [1/2] Building C object CMakeFiles\cmTC_2e69e.dir\CheckIncludeFile.c.obj
FAILED: CMakeFiles/cmTC_2e69e.dir/CheckIncludeFile.c.obj 
"E:\Coding\IDE\Visual Studio\Visual Studio IDE\VC\Tools\MSVC\14.34.31933\bin\Hostx64\x64\cl.exe"  /nologo   /DWIN32 /D_WINDOWS /W3  /MDd /Zi /Ob0 /Od /RTC1 /showIncludes /FoCMakeFiles\cmTC_2e69e.dir\CheckIncludeFile.c.obj /FdCMakeFiles\cmTC_2e69e.dir\ /FS -c "E:\Coding\github repo\pbrt-v3\pbrt-v3\out\build\x64-Debug\CMakeFiles\CMakeTmp\CheckIncludeFile.c"
E:\Coding\github repo\pbrt-v3\pbrt-v3\out\build\x64-Debug\CMakeFiles\CMakeTmp\CheckIncludeFile.c(1): fatal error C1083: Cannot open include file: 'syscall.h': No such file or directory
ninja: build stopped: subcommand failed.



Determining if the include file syslog.h exists failed with the following output:
Change Dir: E:/Coding/github repo/pbrt-v3/pbrt-v3/out/build/x64-Debug/CMakeFiles/CMakeTmp

Run Build Command(s):E:/Coding/IDE/Visual Studio/Visual Studio IDE/Common7/IDE/CommonExtensions/Microsoft/CMake/Ninja/ninja.exe cmTC_61b6f && [1/2] Building C object CMakeFiles\cmTC_61b6f.dir\CheckIncludeFile.c.obj
FAILED: CMakeFiles/cmTC_61b6f.dir/CheckIncludeFile.c.obj 
"E:\Coding\IDE\Visual Studio\Visual Studio IDE\VC\Tools\MSVC\14.34.31933\bin\Hostx64\x64\cl.exe"  /nologo   /DWIN32 /D_WINDOWS /W3  /MDd /Zi /Ob0 /Od /RTC1 /showIncludes /FoCMakeFiles\cmTC_61b6f.dir\CheckIncludeFile.c.obj /FdCMakeFiles\cmTC_61b6f.dir\ /FS -c "E:\Coding\github repo\pbrt-v3\pbrt-v3\out\build\x64-Debug\CMakeFiles\CMakeTmp\CheckIncludeFile.c"
E:\Coding\github repo\pbrt-v3\pbrt-v3\out\build\x64-Debug\CMakeFiles\CMakeTmp\CheckIncludeFile.c(1): fatal error C1083: Cannot open include file: 'syslog.h': No such file or directory
ninja: build stopped: subcommand failed.



Determining if the include file ucontext.h exists failed with the following output:
Change Dir: E:/Coding/github repo/pbrt-v3/pbrt-v3/out/build/x64-Debug/CMakeFiles/CMakeTmp

Run Build Command(s):E:/Coding/IDE/Visual Studio/Visual Studio IDE/Common7/IDE/CommonExtensions/Microsoft/CMake/Ninja/ninja.exe cmTC_a3db0 && [1/2] Building C object CMakeFiles\cmTC_a3db0.dir\CheckIncludeFile.c.obj
FAILED: CMakeFiles/cmTC_a3db0.dir/CheckIncludeFile.c.obj 
"E:\Coding\IDE\Visual Studio\Visual Studio IDE\VC\Tools\MSVC\14.34.31933\bin\Hostx64\x64\cl.exe"  /nologo   /DWIN32 /D_WINDOWS /W3  /MDd /Zi /Ob0 /Od /RTC1 /showIncludes /FoCMakeFiles\cmTC_a3db0.dir\CheckIncludeFile.c.obj /FdCMakeFiles\cmTC_a3db0.dir\ /FS -c "E:\Coding\github repo\pbrt-v3\pbrt-v3\out\build\x64-Debug\CMakeFiles\CMakeTmp\CheckIncludeFile.c"
E:\Coding\github repo\pbrt-v3\pbrt-v3\out\build\x64-Debug\CMakeFiles\CMakeTmp\CheckIncludeFile.c(1): fatal error C1083: Cannot open include file: 'ucontext.h': No such file or directory
ninja: build stopped: subcommand failed.



Determining if the include file unistd.h exists failed with the following output:
Change Dir: E:/Coding/github repo/pbrt-v3/pbrt-v3/out/build/x64-Debug/CMakeFiles/CMakeTmp

Run Build Command(s):E:/Coding/IDE/Visual Studio/Visual Studio IDE/Common7/IDE/CommonExtensions/Microsoft/CMake/Ninja/ninja.exe cmTC_196a5 && [1/2] Building C object CMakeFiles\cmTC_196a5.dir\CheckIncludeFile.c.obj
FAILED: CMakeFiles/cmTC_196a5.dir/CheckIncludeFile.c.obj 
"E:\Coding\IDE\Visual Studio\Visual Studio IDE\VC\Tools\MSVC\14.34.31933\bin\Hostx64\x64\cl.exe"  /nologo   /DWIN32 /D_WINDOWS /W3  /MDd /Zi /Ob0 /Od /RTC1 /showIncludes /FoCMakeFiles\cmTC_196a5.dir\CheckIncludeFile.c.obj /FdCMakeFiles\cmTC_196a5.dir\ /FS -c "E:\Coding\github repo\pbrt-v3\pbrt-v3\out\build\x64-Debug\CMakeFiles\CMakeTmp\CheckIncludeFile.c"
E:\Coding\github repo\pbrt-v3\pbrt-v3\out\build\x64-Debug\CMakeFiles\CMakeTmp\CheckIncludeFile.c(1): fatal error C1083: Cannot open include file: 'unistd.h': No such file or directory
ninja: build stopped: subcommand failed.



Determining if the include file unwind.h exists failed with the following output:
Change Dir: E:/Coding/github repo/pbrt-v3/pbrt-v3/out/build/x64-Debug/CMakeFiles/CMakeTmp

Run Build Command(s):E:/Coding/IDE/Visual Studio/Visual Studio IDE/Common7/IDE/CommonExtensions/Microsoft/CMake/Ninja/ninja.exe cmTC_d7236 && [1/2] Building C object CMakeFiles\cmTC_d7236.dir\CheckIncludeFile.c.obj
FAILED: CMakeFiles/cmTC_d7236.dir/CheckIncludeFile.c.obj 
"E:\Coding\IDE\Visual Studio\Visual Studio IDE\VC\Tools\MSVC\14.34.31933\bin\Hostx64\x64\cl.exe"  /nologo   /DWIN32 /D_WINDOWS /W3  /MDd /Zi /Ob0 /Od /RTC1 /showIncludes /FoCMakeFiles\cmTC_d7236.dir\CheckIncludeFile.c.obj /FdCMakeFiles\cmTC_d7236.dir\ /FS -c "E:\Coding\github repo\pbrt-v3\pbrt-v3\out\build\x64-Debug\CMakeFiles\CMakeTmp\CheckIncludeFile.c"
E:\Coding\github repo\pbrt-v3\pbrt-v3\out\build\x64-Debug\CMakeFiles\CMakeTmp\CheckIncludeFile.c(1): fatal error C1083: Cannot open include file: 'unwind.h': No such file or directory
ninja: build stopped: subcommand failed.



Determining if the include file ext/hash_map exists failed with the following output:
Change Dir: E:/Coding/github repo/pbrt-v3/pbrt-v3/out/build/x64-Debug/CMakeFiles/CMakeTmp

Run Build Command(s):E:/Coding/IDE/Visual Studio/Visual Studio IDE/Common7/IDE/CommonExtensions/Microsoft/CMake/Ninja/ninja.exe cmTC_94b02 && [1/2] Building CXX object CMakeFiles\cmTC_94b02.dir\CheckIncludeFile.cxx.obj
FAILED: CMakeFiles/cmTC_94b02.dir/CheckIncludeFile.cxx.obj 
"E:\Coding\IDE\Visual Studio\Visual Studio IDE\VC\Tools\MSVC\14.34.31933\bin\Hostx64\x64\cl.exe"  /nologo /TP   /DWIN32 /D_WINDOWS /W3 /GR /EHsc  /MDd /Zi /Ob0 /Od /RTC1 /showIncludes /FoCMakeFiles\cmTC_94b02.dir\CheckIncludeFile.cxx.obj /FdCMakeFiles\cmTC_94b02.dir\ /FS -c "E:\Coding\github repo\pbrt-v3\pbrt-v3\out\build\x64-Debug\CMakeFiles\CMakeTmp\CheckIncludeFile.cxx"
E:\Coding\github repo\pbrt-v3\pbrt-v3\out\build\x64-Debug\CMakeFiles\CMakeTmp\CheckIncludeFile.cxx(1): fatal error C1083: Cannot open include file: 'ext/hash_map': No such file or directory
ninja: build stopped: subcommand failed.



Determining if the include file ext/hash_set exists failed with the following output:
Change Dir: E:/Coding/github repo/pbrt-v3/pbrt-v3/out/build/x64-Debug/CMakeFiles/CMakeTmp

Run Build Command(s):E:/Coding/IDE/Visual Studio/Visual Studio IDE/Common7/IDE/CommonExtensions/Microsoft/CMake/Ninja/ninja.exe cmTC_e890a && [1/2] Building CXX object CMakeFiles\cmTC_e890a.dir\CheckIncludeFile.cxx.obj
FAILED: CMakeFiles/cmTC_e890a.dir/CheckIncludeFile.cxx.obj 
"E:\Coding\IDE\Visual Studio\Visual Studio IDE\VC\Tools\MSVC\14.34.31933\bin\Hostx64\x64\cl.exe"  /nologo /TP   /DWIN32 /D_WINDOWS /W3 /GR /EHsc  /MDd /Zi /Ob0 /Od /RTC1 /showIncludes /FoCMakeFiles\cmTC_e890a.dir\CheckIncludeFile.cxx.obj /FdCMakeFiles\cmTC_e890a.dir\ /FS -c "E:\Coding\github repo\pbrt-v3\pbrt-v3\out\build\x64-Debug\CMakeFiles\CMakeTmp\CheckIncludeFile.cxx"
E:\Coding\github repo\pbrt-v3\pbrt-v3\out\build\x64-Debug\CMakeFiles\CMakeTmp\CheckIncludeFile.cxx(1): fatal error C1083: Cannot open include file: 'ext/hash_set': No such file or directory
ninja: build stopped: subcommand failed.



Determining if the include file ext/slist exists failed with the following output:
Change Dir: E:/Coding/github repo/pbrt-v3/pbrt-v3/out/build/x64-Debug/CMakeFiles/CMakeTmp

Run Build Command(s):E:/Coding/IDE/Visual Studio/Visual Studio IDE/Common7/IDE/CommonExtensions/Microsoft/CMake/Ninja/ninja.exe cmTC_ad12d && [1/2] Building CXX object CMakeFiles\cmTC_ad12d.dir\CheckIncludeFile.cxx.obj
FAILED: CMakeFiles/cmTC_ad12d.dir/CheckIncludeFile.cxx.obj 
"E:\Coding\IDE\Visual Studio\Visual Studio IDE\VC\Tools\MSVC\14.34.31933\bin\Hostx64\x64\cl.exe"  /nologo /TP   /DWIN32 /D_WINDOWS /W3 /GR /EHsc  /MDd /Zi /Ob0 /Od /RTC1 /showIncludes /FoCMakeFiles\cmTC_ad12d.dir\CheckIncludeFile.cxx.obj /FdCMakeFiles\cmTC_ad12d.dir\ /FS -c "E:\Coding\github repo\pbrt-v3\pbrt-v3\out\build\x64-Debug\CMakeFiles\CMakeTmp\CheckIncludeFile.cxx"
E:\Coding\github repo\pbrt-v3\pbrt-v3\out\build\x64-Debug\CMakeFiles\CMakeTmp\CheckIncludeFile.cxx(1): fatal error C1083: Cannot open include file: 'ext/slist': No such file or directory
ninja: build stopped: subcommand failed.



Determining if the include file tr1/unordered_map exists failed with the following output:
Change Dir: E:/Coding/github repo/pbrt-v3/pbrt-v3/out/build/x64-Debug/CMakeFiles/CMakeTmp

Run Build Command(s):E:/Coding/IDE/Visual Studio/Visual Studio IDE/Common7/IDE/CommonExtensions/Microsoft/CMake/Ninja/ninja.exe cmTC_cb4d0 && [1/2] Building CXX object CMakeFiles\cmTC_cb4d0.dir\CheckIncludeFile.cxx.obj
FAILED: CMakeFiles/cmTC_cb4d0.dir/CheckIncludeFile.cxx.obj 
"E:\Coding\IDE\Visual Studio\Visual Studio IDE\VC\Tools\MSVC\14.34.31933\bin\Hostx64\x64\cl.exe"  /nologo /TP   /DWIN32 /D_WINDOWS /W3 /GR /EHsc  /MDd /Zi /Ob0 /Od /RTC1 /showIncludes /FoCMakeFiles\cmTC_cb4d0.dir\CheckIncludeFile.cxx.obj /FdCMakeFiles\cmTC_cb4d0.dir\ /FS -c "E:\Coding\github repo\pbrt-v3\pbrt-v3\out\build\x64-Debug\CMakeFiles\CMakeTmp\CheckIncludeFile.cxx"
E:\Coding\github repo\pbrt-v3\pbrt-v3\out\build\x64-Debug\CMakeFiles\CMakeTmp\CheckIncludeFile.cxx(1): fatal error C1083: Cannot open include file: 'tr1/unordered_map': No such file or directory
ninja: build stopped: subcommand failed.



Determining if the include file tr1/unordered_set exists failed with the following output:
Change Dir: E:/Coding/github repo/pbrt-v3/pbrt-v3/out/build/x64-Debug/CMakeFiles/CMakeTmp

Run Build Command(s):E:/Coding/IDE/Visual Studio/Visual Studio IDE/Common7/IDE/CommonExtensions/Microsoft/CMake/Ninja/ninja.exe cmTC_a60eb && [1/2] Building CXX object CMakeFiles\cmTC_a60eb.dir\CheckIncludeFile.cxx.obj
FAILED: CMakeFiles/cmTC_a60eb.dir/CheckIncludeFile.cxx.obj 
"E:\Coding\IDE\Visual Studio\Visual Studio IDE\VC\Tools\MSVC\14.34.31933\bin\Hostx64\x64\cl.exe"  /nologo /TP   /DWIN32 /D_WINDOWS /W3 /GR /EHsc  /MDd /Zi /Ob0 /Od /RTC1 /showIncludes /FoCMakeFiles\cmTC_a60eb.dir\CheckIncludeFile.cxx.obj /FdCMakeFiles\cmTC_a60eb.dir\ /FS -c "E:\Coding\github repo\pbrt-v3\pbrt-v3\out\build\x64-Debug\CMakeFiles\CMakeTmp\CheckIncludeFile.cxx"
E:\Coding\github repo\pbrt-v3\pbrt-v3\out\build\x64-Debug\CMakeFiles\CMakeTmp\CheckIncludeFile.cxx(1): fatal error C1083: Cannot open include file: 'tr1/unordered_set': No such file or directory
ninja: build stopped: subcommand failed.



Determining size of u_int16_t failed with the following output:
Change Dir: E:/Coding/github repo/pbrt-v3/pbrt-v3/out/build/x64-Debug/CMakeFiles/CMakeTmp

Run Build Command(s):E:/Coding/IDE/Visual Studio/Visual Studio IDE/Common7/IDE/CommonExtensions/Microsoft/CMake/Ninja/ninja.exe cmTC_da020 && [1/2] Building C object CMakeFiles\cmTC_da020.dir\HAVE_U_INT16_T.c.obj
FAILED: CMakeFiles/cmTC_da020.dir/HAVE_U_INT16_T.c.obj 
"E:\Coding\IDE\Visual Studio\Visual Studio IDE\VC\Tools\MSVC\14.34.31933\bin\Hostx64\x64\cl.exe"  /nologo   /DWIN32 /D_WINDOWS /W3  /MDd /Zi /Ob0 /Od /RTC1 /showIncludes /FoCMakeFiles\cmTC_da020.dir\HAVE_U_INT16_T.c.obj /FdCMakeFiles\cmTC_da020.dir\ /FS -c "E:\Coding\github repo\pbrt-v3\pbrt-v3\out\build\x64-Debug\CMakeFiles\CheckTypeSize\HAVE_U_INT16_T.c"
E:\Coding\github repo\pbrt-v3\pbrt-v3\out\build\x64-Debug\CMakeFiles\CheckTypeSize\HAVE_U_INT16_T.c(29): error C2065: 'u_int16_t': undeclared identifier
E:\Coding\github repo\pbrt-v3\pbrt-v3\out\build\x64-Debug\CMakeFiles\CheckTypeSize\HAVE_U_INT16_T.c(30): error C2065: 'u_int16_t': undeclared identifier
E:\Coding\github repo\pbrt-v3\pbrt-v3\out\build\x64-Debug\CMakeFiles\CheckTypeSize\HAVE_U_INT16_T.c(31): error C2065: 'u_int16_t': undeclared identifier
E:\Coding\github repo\pbrt-v3\pbrt-v3\out\build\x64-Debug\CMakeFiles\CheckTypeSize\HAVE_U_INT16_T.c(32): error C2065: 'u_int16_t': undeclared identifier
E:\Coding\github repo\pbrt-v3\pbrt-v3\out\build\x64-Debug\CMakeFiles\CheckTypeSize\HAVE_U_INT16_T.c(33): error C2065: 'u_int16_t': undeclared identifier
ninja: build stopped: subcommand failed.


E:/Coding/github repo/pbrt-v3/pbrt-v3/out/build/x64-Debug/CMakeFiles/CheckTypeSize/HAVE_U_INT16_T.c:
#include <sys/types.h>
#include <stdint.h>
#include <stddef.h>


#undef KEY
#if defined(__i386)
# define KEY '_','_','i','3','8','6'
#elif defined(__x86_64)
# define KEY '_','_','x','8','6','_','6','4'
#elif defined(__PPC64__)
# define KEY '_','_','P','P','C','6','4','_','_'
#elif defined(__ppc64__)
# define KEY '_','_','p','p','c','6','4','_','_'
#elif defined(__PPC__)
# define KEY '_','_','P','P','C','_','_'
#elif defined(__ppc__)
# define KEY '_','_','p','p','c','_','_'
#elif defined(__aarch64__)
# define KEY '_','_','a','a','r','c','h','6','4','_','_'
#elif defined(__ARM_ARCH_7A__)
# define KEY '_','_','A','R','M','_','A','R','C','H','_','7','A','_','_'
#elif defined(__ARM_ARCH_7S__)
# define KEY '_','_','A','R','M','_','A','R','C','H','_','7','S','_','_'
#endif

#define SIZE (sizeof(u_int16_t))
static char info_size[] =  {'I', 'N', 'F', 'O', ':', 's','i','z','e','[',
  ('0' + ((SIZE / 10000)%10)),
  ('0' + ((SIZE / 1000)%10)),
  ('0' + ((SIZE / 100)%10)),
  ('0' + ((SIZE / 10)%10)),
  ('0' +  (SIZE    % 10)),
  ']',
#ifdef KEY
  ' ','k','e','y','[', KEY, ']',
#endif
  '\0'};

#ifdef __CLASSIC_C__
int main(argc, argv) int argc; char *argv[];
#else
int main(int argc, char *argv[])
#endif
{
  int require = 0;
  require += info_size[argc];
  (void)argv;
  return require;
}


Determining if the function dladdr exists failed with the following output:
Change Dir: E:/Coding/github repo/pbrt-v3/pbrt-v3/out/build/x64-Debug/CMakeFiles/CMakeTmp

Run Build Command(s):E:/Coding/IDE/Visual Studio/Visual Studio IDE/Common7/IDE/CommonExtensions/Microsoft/CMake/Ninja/ninja.exe cmTC_e3c1b && [1/2] Building C object CMakeFiles\cmTC_e3c1b.dir\CheckFunctionExists.c.obj
[2/2] Linking C executable cmTC_e3c1b.exe
FAILED: cmTC_e3c1b.exe 
cmd.exe /C "cd . && "E:\Coding\IDE\Visual Studio\Visual Studio IDE\Common7\IDE\CommonExtensions\Microsoft\CMake\CMake\bin\cmake.exe" -E vs_link_exe --intdir=CMakeFiles\cmTC_e3c1b.dir --rc=D:\WINDOW~1\10\bin\100220~1.0\x64\rc.exe --mt=D:\WINDOW~1\10\bin\100220~1.0\x64\mt.exe --manifests  -- "E:\Coding\IDE\Visual Studio\Visual Studio IDE\VC\Tools\MSVC\14.34.31933\bin\Hostx64\x64\link.exe" /nologo CMakeFiles\cmTC_e3c1b.dir\CheckFunctionExists.c.obj  /out:cmTC_e3c1b.exe /implib:cmTC_e3c1b.lib /pdb:cmTC_e3c1b.pdb /version:0.0 /machine:x64  /debug /INCREMENTAL /subsystem:console  kernel32.lib user32.lib gdi32.lib winspool.lib shell32.lib ole32.lib oleaut32.lib uuid.lib comdlg32.lib advapi32.lib && cd ."
LINK Pass 1: command "E:\Coding\IDE\Visual Studio\Visual Studio IDE\VC\Tools\MSVC\14.34.31933\bin\Hostx64\x64\link.exe /nologo CMakeFiles\cmTC_e3c1b.dir\CheckFunctionExists.c.obj /out:cmTC_e3c1b.exe /implib:cmTC_e3c1b.lib /pdb:cmTC_e3c1b.pdb /version:0.0 /machine:x64 /debug /INCREMENTAL /subsystem:console kernel32.lib user32.lib gdi32.lib winspool.lib shell32.lib ole32.lib oleaut32.lib uuid.lib comdlg32.lib advapi32.lib /MANIFEST /MANIFESTFILE:CMakeFiles\cmTC_e3c1b.dir/intermediate.manifest CMakeFiles\cmTC_e3c1b.dir/manifest.res" failed (exit code 1120) with the following output:
CheckFunctionExists.c.obj : error LNK2019: unresolved external symbol dladdr referenced in function main
cmTC_e3c1b.exe : fatal error LNK1120: 1 unresolved externals
ninja: build stopped: subcommand failed.



Determining if the function fcntl exists failed with the following output:
Change Dir: E:/Coding/github repo/pbrt-v3/pbrt-v3/out/build/x64-Debug/CMakeFiles/CMakeTmp

Run Build Command(s):E:/Coding/IDE/Visual Studio/Visual Studio IDE/Common7/IDE/CommonExtensions/Microsoft/CMake/Ninja/ninja.exe cmTC_ec2b1 && [1/2] Building C object CMakeFiles\cmTC_ec2b1.dir\CheckFunctionExists.c.obj
[2/2] Linking C executable cmTC_ec2b1.exe
FAILED: cmTC_ec2b1.exe 
cmd.exe /C "cd . && "E:\Coding\IDE\Visual Studio\Visual Studio IDE\Common7\IDE\CommonExtensions\Microsoft\CMake\CMake\bin\cmake.exe" -E vs_link_exe --intdir=CMakeFiles\cmTC_ec2b1.dir --rc=D:\WINDOW~1\10\bin\100220~1.0\x64\rc.exe --mt=D:\WINDOW~1\10\bin\100220~1.0\x64\mt.exe --manifests  -- "E:\Coding\IDE\Visual Studio\Visual Studio IDE\VC\Tools\MSVC\14.34.31933\bin\Hostx64\x64\link.exe" /nologo CMakeFiles\cmTC_ec2b1.dir\CheckFunctionExists.c.obj  /out:cmTC_ec2b1.exe /implib:cmTC_ec2b1.lib /pdb:cmTC_ec2b1.pdb /version:0.0 /machine:x64  /debug /INCREMENTAL /subsystem:console  kernel32.lib user32.lib gdi32.lib winspool.lib shell32.lib ole32.lib oleaut32.lib uuid.lib comdlg32.lib advapi32.lib && cd ."
LINK Pass 1: command "E:\Coding\IDE\Visual Studio\Visual Studio IDE\VC\Tools\MSVC\14.34.31933\bin\Hostx64\x64\link.exe /nologo CMakeFiles\cmTC_ec2b1.dir\CheckFunctionExists.c.obj /out:cmTC_ec2b1.exe /implib:cmTC_ec2b1.lib /pdb:cmTC_ec2b1.pdb /version:0.0 /machine:x64 /debug /INCREMENTAL /subsystem:console kernel32.lib user32.lib gdi32.lib winspool.lib shell32.lib ole32.lib oleaut32.lib uuid.lib comdlg32.lib advapi32.lib /MANIFEST /MANIFESTFILE:CMakeFiles\cmTC_ec2b1.dir/intermediate.manifest CMakeFiles\cmTC_ec2b1.dir/manifest.res" failed (exit code 1120) with the following output:
CheckFunctionExists.c.obj : error LNK2019: unresolved external symbol fcntl referenced in function main
cmTC_ec2b1.exe : fatal error LNK1120: 1 unresolved externals
ninja: build stopped: subcommand failed.



Determining if the function pread exists failed with the following output:
Change Dir: E:/Coding/github repo/pbrt-v3/pbrt-v3/out/build/x64-Debug/CMakeFiles/CMakeTmp

Run Build Command(s):E:/Coding/IDE/Visual Studio/Visual Studio IDE/Common7/IDE/CommonExtensions/Microsoft/CMake/Ninja/ninja.exe cmTC_4af0f && [1/2] Building C object CMakeFiles\cmTC_4af0f.dir\CheckFunctionExists.c.obj
[2/2] Linking C executable cmTC_4af0f.exe
FAILED: cmTC_4af0f.exe 
cmd.exe /C "cd . && "E:\Coding\IDE\Visual Studio\Visual Studio IDE\Common7\IDE\CommonExtensions\Microsoft\CMake\CMake\bin\cmake.exe" -E vs_link_exe --intdir=CMakeFiles\cmTC_4af0f.dir --rc=D:\WINDOW~1\10\bin\100220~1.0\x64\rc.exe --mt=D:\WINDOW~1\10\bin\100220~1.0\x64\mt.exe --manifests  -- "E:\Coding\IDE\Visual Studio\Visual Studio IDE\VC\Tools\MSVC\14.34.31933\bin\Hostx64\x64\link.exe" /nologo CMakeFiles\cmTC_4af0f.dir\CheckFunctionExists.c.obj  /out:cmTC_4af0f.exe /implib:cmTC_4af0f.lib /pdb:cmTC_4af0f.pdb /version:0.0 /machine:x64  /debug /INCREMENTAL /subsystem:console  kernel32.lib user32.lib gdi32.lib winspool.lib shell32.lib ole32.lib oleaut32.lib uuid.lib comdlg32.lib advapi32.lib && cd ."
LINK Pass 1: command "E:\Coding\IDE\Visual Studio\Visual Studio IDE\VC\Tools\MSVC\14.34.31933\bin\Hostx64\x64\link.exe /nologo CMakeFiles\cmTC_4af0f.dir\CheckFunctionExists.c.obj /out:cmTC_4af0f.exe /implib:cmTC_4af0f.lib /pdb:cmTC_4af0f.pdb /version:0.0 /machine:x64 /debug /INCREMENTAL /subsystem:console kernel32.lib user32.lib gdi32.lib winspool.lib shell32.lib ole32.lib oleaut32.lib uuid.lib comdlg32.lib advapi32.lib /MANIFEST /MANIFESTFILE:CMakeFiles\cmTC_4af0f.dir/intermediate.manifest CMakeFiles\cmTC_4af0f.dir/manifest.res" failed (exit code 1120) with the following output:
CheckFunctionExists.c.obj : error LNK2019: unresolved external symbol pread referenced in function main
cmTC_4af0f.exe : fatal error LNK1120: 1 unresolved externals
ninja: build stopped: subcommand failed.



Determining if the function pwrite exists failed with the following output:
Change Dir: E:/Coding/github repo/pbrt-v3/pbrt-v3/out/build/x64-Debug/CMakeFiles/CMakeTmp

Run Build Command(s):E:/Coding/IDE/Visual Studio/Visual Studio IDE/Common7/IDE/CommonExtensions/Microsoft/CMake/Ninja/ninja.exe cmTC_e308c && [1/2] Building C object CMakeFiles\cmTC_e308c.dir\CheckFunctionExists.c.obj
[2/2] Linking C executable cmTC_e308c.exe
FAILED: cmTC_e308c.exe 
cmd.exe /C "cd . && "E:\Coding\IDE\Visual Studio\Visual Studio IDE\Common7\IDE\CommonExtensions\Microsoft\CMake\CMake\bin\cmake.exe" -E vs_link_exe --intdir=CMakeFiles\cmTC_e308c.dir --rc=D:\WINDOW~1\10\bin\100220~1.0\x64\rc.exe --mt=D:\WINDOW~1\10\bin\100220~1.0\x64\mt.exe --manifests  -- "E:\Coding\IDE\Visual Studio\Visual Studio IDE\VC\Tools\MSVC\14.34.31933\bin\Hostx64\x64\link.exe" /nologo CMakeFiles\cmTC_e308c.dir\CheckFunctionExists.c.obj  /out:cmTC_e308c.exe /implib:cmTC_e308c.lib /pdb:cmTC_e308c.pdb /version:0.0 /machine:x64  /debug /INCREMENTAL /subsystem:console  kernel32.lib user32.lib gdi32.lib winspool.lib shell32.lib ole32.lib oleaut32.lib uuid.lib comdlg32.lib advapi32.lib && cd ."
LINK Pass 1: command "E:\Coding\IDE\Visual Studio\Visual Studio IDE\VC\Tools\MSVC\14.34.31933\bin\Hostx64\x64\link.exe /nologo CMakeFiles\cmTC_e308c.dir\CheckFunctionExists.c.obj /out:cmTC_e308c.exe /implib:cmTC_e308c.lib /pdb:cmTC_e308c.pdb /version:0.0 /machine:x64 /debug /INCREMENTAL /subsystem:console kernel32.lib user32.lib gdi32.lib winspool.lib shell32.lib ole32.lib oleaut32.lib uuid.lib comdlg32.lib advapi32.lib /MANIFEST /MANIFESTFILE:CMakeFiles\cmTC_e308c.dir/intermediate.manifest CMakeFiles\cmTC_e308c.dir/manifest.res" failed (exit code 1120) with the following output:
CheckFunctionExists.c.obj : error LNK2019: unresolved external symbol pwrite referenced in function main
cmTC_e308c.exe : fatal error LNK1120: 1 unresolved externals
ninja: build stopped: subcommand failed.



Determining if the function sigaction exists failed with the following output:
Change Dir: E:/Coding/github repo/pbrt-v3/pbrt-v3/out/build/x64-Debug/CMakeFiles/CMakeTmp

Run Build Command(s):E:/Coding/IDE/Visual Studio/Visual Studio IDE/Common7/IDE/CommonExtensions/Microsoft/CMake/Ninja/ninja.exe cmTC_57826 && [1/2] Building C object CMakeFiles\cmTC_57826.dir\CheckFunctionExists.c.obj
[2/2] Linking C executable cmTC_57826.exe
FAILED: cmTC_57826.exe 
cmd.exe /C "cd . && "E:\Coding\IDE\Visual Studio\Visual Studio IDE\Common7\IDE\CommonExtensions\Microsoft\CMake\CMake\bin\cmake.exe" -E vs_link_exe --intdir=CMakeFiles\cmTC_57826.dir --rc=D:\WINDOW~1\10\bin\100220~1.0\x64\rc.exe --mt=D:\WINDOW~1\10\bin\100220~1.0\x64\mt.exe --manifests  -- "E:\Coding\IDE\Visual Studio\Visual Studio IDE\VC\Tools\MSVC\14.34.31933\bin\Hostx64\x64\link.exe" /nologo CMakeFiles\cmTC_57826.dir\CheckFunctionExists.c.obj  /out:cmTC_57826.exe /implib:cmTC_57826.lib /pdb:cmTC_57826.pdb /version:0.0 /machine:x64  /debug /INCREMENTAL /subsystem:console  kernel32.lib user32.lib gdi32.lib winspool.lib shell32.lib ole32.lib oleaut32.lib uuid.lib comdlg32.lib advapi32.lib && cd ."
LINK Pass 1: command "E:\Coding\IDE\Visual Studio\Visual Studio IDE\VC\Tools\MSVC\14.34.31933\bin\Hostx64\x64\link.exe /nologo CMakeFiles\cmTC_57826.dir\CheckFunctionExists.c.obj /out:cmTC_57826.exe /implib:cmTC_57826.lib /pdb:cmTC_57826.pdb /version:0.0 /machine:x64 /debug /INCREMENTAL /subsystem:console kernel32.lib user32.lib gdi32.lib winspool.lib shell32.lib ole32.lib oleaut32.lib uuid.lib comdlg32.lib advapi32.lib /MANIFEST /MANIFESTFILE:CMakeFiles\cmTC_57826.dir/intermediate.manifest CMakeFiles\cmTC_57826.dir/manifest.res" failed (exit code 1120) with the following output:
CheckFunctionExists.c.obj : error LNK2019: unresolved external symbol sigaction referenced in function main
cmTC_57826.exe : fatal error LNK1120: 1 unresolved externals
ninja: build stopped: subcommand failed.



Determining if the function sigaltstack exists failed with the following output:
Change Dir: E:/Coding/github repo/pbrt-v3/pbrt-v3/out/build/x64-Debug/CMakeFiles/CMakeTmp

Run Build Command(s):E:/Coding/IDE/Visual Studio/Visual Studio IDE/Common7/IDE/CommonExtensions/Microsoft/CMake/Ninja/ninja.exe cmTC_02a48 && [1/2] Building C object CMakeFiles\cmTC_02a48.dir\CheckFunctionExists.c.obj
[2/2] Linking C executable cmTC_02a48.exe
FAILED: cmTC_02a48.exe 
cmd.exe /C "cd . && "E:\Coding\IDE\Visual Studio\Visual Studio IDE\Common7\IDE\CommonExtensions\Microsoft\CMake\CMake\bin\cmake.exe" -E vs_link_exe --intdir=CMakeFiles\cmTC_02a48.dir --rc=D:\WINDOW~1\10\bin\100220~1.0\x64\rc.exe --mt=D:\WINDOW~1\10\bin\100220~1.0\x64\mt.exe --manifests  -- "E:\Coding\IDE\Visual Studio\Visual Studio IDE\VC\Tools\MSVC\14.34.31933\bin\Hostx64\x64\link.exe" /nologo CMakeFiles\cmTC_02a48.dir\CheckFunctionExists.c.obj  /out:cmTC_02a48.exe /implib:cmTC_02a48.lib /pdb:cmTC_02a48.pdb /version:0.0 /machine:x64  /debug /INCREMENTAL /subsystem:console  kernel32.lib user32.lib gdi32.lib winspool.lib shell32.lib ole32.lib oleaut32.lib uuid.lib comdlg32.lib advapi32.lib && cd ."
LINK Pass 1: command "E:\Coding\IDE\Visual Studio\Visual Studio IDE\VC\Tools\MSVC\14.34.31933\bin\Hostx64\x64\link.exe /nologo CMakeFiles\cmTC_02a48.dir\CheckFunctionExists.c.obj /out:cmTC_02a48.exe /implib:cmTC_02a48.lib /pdb:cmTC_02a48.pdb /version:0.0 /machine:x64 /debug /INCREMENTAL /subsystem:console kernel32.lib user32.lib gdi32.lib winspool.lib shell32.lib ole32.lib oleaut32.lib uuid.lib comdlg32.lib advapi32.lib /MANIFEST /MANIFESTFILE:CMakeFiles\cmTC_02a48.dir/intermediate.manifest CMakeFiles\cmTC_02a48.dir/manifest.res" failed (exit code 1120) with the following output:
CheckFunctionExists.c.obj : error LNK2019: unresolved external symbol sigaltstack referenced in function main
cmTC_02a48.exe : fatal error LNK1120: 1 unresolved externals
ninja: build stopped: subcommand failed.



Performing C++ SOURCE FILE Test HAVE_NO_DEPRECATED failed with the following output:
Change Dir: E:/Coding/github repo/pbrt-v3/pbrt-v3/out/build/x64-Debug/CMakeFiles/CMakeTmp

Run Build Command(s):E:/Coding/IDE/Visual Studio/Visual Studio IDE/Common7/IDE/CommonExtensions/Microsoft/CMake/Ninja/ninja.exe cmTC_43217 && [1/2] Building CXX object CMakeFiles\cmTC_43217.dir\src.cxx.obj
FAILED: CMakeFiles/cmTC_43217.dir/src.cxx.obj 
"E:\Coding\IDE\Visual Studio\Visual Studio IDE\VC\Tools\MSVC\14.34.31933\bin\Hostx64\x64\cl.exe"  /nologo /TP -DHAVE_NO_DEPRECATED  /DWIN32 /D_WINDOWS /W3 /GR /EHsc  /MDd /Zi /Ob0 /Od /RTC1   -Wno-deprecated /showIncludes /FoCMakeFiles\cmTC_43217.dir\src.cxx.obj /FdCMakeFiles\cmTC_43217.dir\ /FS -c "E:\Coding\github repo\pbrt-v3\pbrt-v3\out\build\x64-Debug\CMakeFiles\CMakeTmp\src.cxx"
cl : Command line error D8021 : invalid numeric argument '/Wno-deprecated'
ninja: build stopped: subcommand failed.


Source file was:
int main() { return 0; }
Performing C++ SOURCE FILE Test HAVE_NO_UNNAMED_TYPE_TEMPLATE_ARGS failed with the following output:
Change Dir: E:/Coding/github repo/pbrt-v3/pbrt-v3/out/build/x64-Debug/CMakeFiles/CMakeTmp

Run Build Command(s):E:/Coding/IDE/Visual Studio/Visual Studio IDE/Common7/IDE/CommonExtensions/Microsoft/CMake/Ninja/ninja.exe cmTC_70d8d && [1/2] Building CXX object CMakeFiles\cmTC_70d8d.dir\src.cxx.obj
FAILED: CMakeFiles/cmTC_70d8d.dir/src.cxx.obj 
"E:\Coding\IDE\Visual Studio\Visual Studio IDE\VC\Tools\MSVC\14.34.31933\bin\Hostx64\x64\cl.exe"  /nologo /TP -DHAVE_NO_UNNAMED_TYPE_TEMPLATE_ARGS  /DWIN32 /D_WINDOWS /W3 /GR /EHsc  /MDd /Zi /Ob0 /Od /RTC1   -Wno-unnamed-type-template-args /showIncludes /FoCMakeFiles\cmTC_70d8d.dir\src.cxx.obj /FdCMakeFiles\cmTC_70d8d.dir\ /FS -c "E:\Coding\github repo\pbrt-v3\pbrt-v3\out\build\x64-Debug\CMakeFiles\CMakeTmp\src.cxx"
cl : Command line error D8021 : invalid numeric argument '/Wno-unnamed-type-template-args'
ninja: build stopped: subcommand failed.


Source file was:
int main() { return 0; }
Determining if the function get_static_proc_name exists in the unwind failed with the following output:
Change Dir: E:/Coding/github repo/pbrt-v3/pbrt-v3/out/build/x64-Debug/CMakeFiles/CMakeTmp

Run Build Command(s):E:/Coding/IDE/Visual Studio/Visual Studio IDE/Common7/IDE/CommonExtensions/Microsoft/CMake/Ninja/ninja.exe cmTC_e6efc && [1/2] Building C object CMakeFiles\cmTC_e6efc.dir\CheckFunctionExists.c.obj
[2/2] Linking C executable cmTC_e6efc.exe
FAILED: cmTC_e6efc.exe 
cmd.exe /C "cd . && "E:\Coding\IDE\Visual Studio\Visual Studio IDE\Common7\IDE\CommonExtensions\Microsoft\CMake\CMake\bin\cmake.exe" -E vs_link_exe --intdir=CMakeFiles\cmTC_e6efc.dir --rc=D:\WINDOW~1\10\bin\100220~1.0\x64\rc.exe --mt=D:\WINDOW~1\10\bin\100220~1.0\x64\mt.exe --manifests  -- "E:\Coding\IDE\Visual Studio\Visual Studio IDE\VC\Tools\MSVC\14.34.31933\bin\Hostx64\x64\link.exe" /nologo CMakeFiles\cmTC_e6efc.dir\CheckFunctionExists.c.obj  /out:cmTC_e6efc.exe /implib:cmTC_e6efc.lib /pdb:cmTC_e6efc.pdb /version:0.0 /machine:x64  /debug /INCREMENTAL /subsystem:console  unwind.lib  kernel32.lib user32.lib gdi32.lib winspool.lib shell32.lib ole32.lib oleaut32.lib uuid.lib comdlg32.lib advapi32.lib && cd ."
LINK Pass 1: command "E:\Coding\IDE\Visual Studio\Visual Studio IDE\VC\Tools\MSVC\14.34.31933\bin\Hostx64\x64\link.exe /nologo CMakeFiles\cmTC_e6efc.dir\CheckFunctionExists.c.obj /out:cmTC_e6efc.exe /implib:cmTC_e6efc.lib /pdb:cmTC_e6efc.pdb /version:0.0 /machine:x64 /debug /INCREMENTAL /subsystem:console unwind.lib kernel32.lib user32.lib gdi32.lib winspool.lib shell32.lib ole32.lib oleaut32.lib uuid.lib comdlg32.lib advapi32.lib /MANIFEST /MANIFESTFILE:CMakeFiles\cmTC_e6efc.dir/intermediate.manifest CMakeFiles\cmTC_e6efc.dir/manifest.res" failed (exit code 1104) with the following output:
LINK : fatal error LNK1104: cannot open file 'unwind.lib'
ninja: build stopped: subcommand failed.



Performing C SOURCE FILE Test HAVE___ATTRIBUTE__ failed with the following output:
Change Dir: E:/Coding/github repo/pbrt-v3/pbrt-v3/out/build/x64-Debug/CMakeFiles/CMakeTmp

Run Build Command(s):E:/Coding/IDE/Visual Studio/Visual Studio IDE/Common7/IDE/CommonExtensions/Microsoft/CMake/Ninja/ninja.exe cmTC_23887 && [1/2] Building C object CMakeFiles\cmTC_23887.dir\src.c.obj
FAILED: CMakeFiles/cmTC_23887.dir/src.c.obj 
"E:\Coding\IDE\Visual Studio\Visual Studio IDE\VC\Tools\MSVC\14.34.31933\bin\Hostx64\x64\cl.exe"  /nologo -DHAVE___ATTRIBUTE__  /DWIN32 /D_WINDOWS /W3  /MDd /Zi /Ob0 /Od /RTC1 /showIncludes /FoCMakeFiles\cmTC_23887.dir\src.c.obj /FdCMakeFiles\cmTC_23887.dir\ /FS -c "E:\Coding\github repo\pbrt-v3\pbrt-v3\out\build\x64-Debug\CMakeFiles\CMakeTmp\src.c"
E:\Coding\github repo\pbrt-v3\pbrt-v3\out\build\x64-Debug\CMakeFiles\CMakeTmp\src.c(3): error C2061: syntax error: identifier '__attribute__'
E:\Coding\github repo\pbrt-v3\pbrt-v3\out\build\x64-Debug\CMakeFiles\CMakeTmp\src.c(3): error C2059: syntax error: ';'
ninja: build stopped: subcommand failed.


Source file was:

#include <stdlib.h>
static void foo(void) __attribute__ ((unused));
int main(void) { return 0; }

Performing C SOURCE FILE Test HAVE___ATTRIBUTE__VISIBILITY_DEFAULT failed with the following output:
Change Dir: E:/Coding/github repo/pbrt-v3/pbrt-v3/out/build/x64-Debug/CMakeFiles/CMakeTmp

Run Build Command(s):E:/Coding/IDE/Visual Studio/Visual Studio IDE/Common7/IDE/CommonExtensions/Microsoft/CMake/Ninja/ninja.exe cmTC_4de39 && [1/2] Building C object CMakeFiles\cmTC_4de39.dir\src.c.obj
FAILED: CMakeFiles/cmTC_4de39.dir/src.c.obj 
"E:\Coding\IDE\Visual Studio\Visual Studio IDE\VC\Tools\MSVC\14.34.31933\bin\Hostx64\x64\cl.exe"  /nologo -DHAVE___ATTRIBUTE__VISIBILITY_DEFAULT  /DWIN32 /D_WINDOWS /W3  /MDd /Zi /Ob0 /Od /RTC1 /showIncludes /FoCMakeFiles\cmTC_4de39.dir\src.c.obj /FdCMakeFiles\cmTC_4de39.dir\ /FS -c "E:\Coding\github repo\pbrt-v3\pbrt-v3\out\build\x64-Debug\CMakeFiles\CMakeTmp\src.c"
E:\Coding\github repo\pbrt-v3\pbrt-v3\out\build\x64-Debug\CMakeFiles\CMakeTmp\src.c(3): error C2061: syntax error: identifier '__attribute__'
E:\Coding\github repo\pbrt-v3\pbrt-v3\out\build\x64-Debug\CMakeFiles\CMakeTmp\src.c(3): error C2059: syntax error: ';'
E:\Coding\github repo\pbrt-v3\pbrt-v3\out\build\x64-Debug\CMakeFiles\CMakeTmp\src.c(3): error C2143: syntax error: missing ')' before 'string'
E:\Coding\github repo\pbrt-v3\pbrt-v3\out\build\x64-Debug\CMakeFiles\CMakeTmp\src.c(3): error C2059: syntax error: ')'
ninja: build stopped: subcommand failed.


Source file was:

#include <stdlib.h>
static void foo(void) __attribute__ ((visibility("default")));
int main(void) { return 0; }

Performing C SOURCE FILE Test HAVE___ATTRIBUTE__VISIBILITY_HIDDEN failed with the following output:
Change Dir: E:/Coding/github repo/pbrt-v3/pbrt-v3/out/build/x64-Debug/CMakeFiles/CMakeTmp

Run Build Command(s):E:/Coding/IDE/Visual Studio/Visual Studio IDE/Common7/IDE/CommonExtensions/Microsoft/CMake/Ninja/ninja.exe cmTC_0e95e && [1/2] Building C object CMakeFiles\cmTC_0e95e.dir\src.c.obj
FAILED: CMakeFiles/cmTC_0e95e.dir/src.c.obj 
"E:\Coding\IDE\Visual Studio\Visual Studio IDE\VC\Tools\MSVC\14.34.31933\bin\Hostx64\x64\cl.exe"  /nologo -DHAVE___ATTRIBUTE__VISIBILITY_HIDDEN  /DWIN32 /D_WINDOWS /W3  /MDd /Zi /Ob0 /Od /RTC1 /showIncludes /FoCMakeFiles\cmTC_0e95e.dir\src.c.obj /FdCMakeFiles\cmTC_0e95e.dir\ /FS -c "E:\Coding\github repo\pbrt-v3\pbrt-v3\out\build\x64-Debug\CMakeFiles\CMakeTmp\src.c"
E:\Coding\github repo\pbrt-v3\pbrt-v3\out\build\x64-Debug\CMakeFiles\CMakeTmp\src.c(3): error C2061: syntax error: identifier '__attribute__'
E:\Coding\github repo\pbrt-v3\pbrt-v3\out\build\x64-Debug\CMakeFiles\CMakeTmp\src.c(3): error C2059: syntax error: ';'
E:\Coding\github repo\pbrt-v3\pbrt-v3\out\build\x64-Debug\CMakeFiles\CMakeTmp\src.c(3): error C2143: syntax error: missing ')' before 'string'
E:\Coding\github repo\pbrt-v3\pbrt-v3\out\build\x64-Debug\CMakeFiles\CMakeTmp\src.c(3): error C2059: syntax error: ')'
ninja: build stopped: subcommand failed.


Source file was:

#include <stdlib.h>
static void foo(void) __attribute__ ((visibility("hidden")));
int main(void) { return 0; }

Performing C SOURCE FILE Test HAVE___BUILTIN_EXPECT failed with the following output:
Change Dir: E:/Coding/github repo/pbrt-v3/pbrt-v3/out/build/x64-Debug/CMakeFiles/CMakeTmp

Run Build Command(s):E:/Coding/IDE/Visual Studio/Visual Studio IDE/Common7/IDE/CommonExtensions/Microsoft/CMake/Ninja/ninja.exe cmTC_27999 && [1/2] Building C object CMakeFiles\cmTC_27999.dir\src.c.obj
E:\Coding\github repo\pbrt-v3\pbrt-v3\out\build\x64-Debug\CMakeFiles\CMakeTmp\src.c(2): warning C4013: '__builtin_expect' undefined; assuming extern returning int
[2/2] Linking C executable cmTC_27999.exe
FAILED: cmTC_27999.exe 
cmd.exe /C "cd . && "E:\Coding\IDE\Visual Studio\Visual Studio IDE\Common7\IDE\CommonExtensions\Microsoft\CMake\CMake\bin\cmake.exe" -E vs_link_exe --intdir=CMakeFiles\cmTC_27999.dir --rc=D:\WINDOW~1\10\bin\100220~1.0\x64\rc.exe --mt=D:\WINDOW~1\10\bin\100220~1.0\x64\mt.exe --manifests  -- "E:\Coding\IDE\Visual Studio\Visual Studio IDE\VC\Tools\MSVC\14.34.31933\bin\Hostx64\x64\link.exe" /nologo CMakeFiles\cmTC_27999.dir\src.c.obj  /out:cmTC_27999.exe /implib:cmTC_27999.lib /pdb:cmTC_27999.pdb /version:0.0 /machine:x64  /debug /INCREMENTAL /subsystem:console  kernel32.lib user32.lib gdi32.lib winspool.lib shell32.lib ole32.lib oleaut32.lib uuid.lib comdlg32.lib advapi32.lib && cd ."
LINK Pass 1: command "E:\Coding\IDE\Visual Studio\Visual Studio IDE\VC\Tools\MSVC\14.34.31933\bin\Hostx64\x64\link.exe /nologo CMakeFiles\cmTC_27999.dir\src.c.obj /out:cmTC_27999.exe /implib:cmTC_27999.lib /pdb:cmTC_27999.pdb /version:0.0 /machine:x64 /debug /INCREMENTAL /subsystem:console kernel32.lib user32.lib gdi32.lib winspool.lib shell32.lib ole32.lib oleaut32.lib uuid.lib comdlg32.lib advapi32.lib /MANIFEST /MANIFESTFILE:CMakeFiles\cmTC_27999.dir/intermediate.manifest CMakeFiles\cmTC_27999.dir/manifest.res" failed (exit code 1120) with the following output:
src.c.obj : error LNK2019: unresolved external symbol __builtin_expect referenced in function main
cmTC_27999.exe : fatal error LNK1120: 1 unresolved externals
ninja: build stopped: subcommand failed.


Source file was:

int main(void) { if (__builtin_expect(0, 0)) return 1; return 0; }

Performing C SOURCE FILE Test HAVE___SYNC_VAL_COMPARE_AND_SWAP failed with the following output:
Change Dir: E:/Coding/github repo/pbrt-v3/pbrt-v3/out/build/x64-Debug/CMakeFiles/CMakeTmp

Run Build Command(s):E:/Coding/IDE/Visual Studio/Visual Studio IDE/Common7/IDE/CommonExtensions/Microsoft/CMake/Ninja/ninja.exe cmTC_2a0d0 && [1/2] Building C object CMakeFiles\cmTC_2a0d0.dir\src.c.obj
E:\Coding\github repo\pbrt-v3\pbrt-v3\out\build\x64-Debug\CMakeFiles\CMakeTmp\src.c(4): warning C4013: '__sync_val_compare_and_swap' undefined; assuming extern returning int
[2/2] Linking C executable cmTC_2a0d0.exe
FAILED: cmTC_2a0d0.exe 
cmd.exe /C "cd . && "E:\Coding\IDE\Visual Studio\Visual Studio IDE\Common7\IDE\CommonExtensions\Microsoft\CMake\CMake\bin\cmake.exe" -E vs_link_exe --intdir=CMakeFiles\cmTC_2a0d0.dir --rc=D:\WINDOW~1\10\bin\100220~1.0\x64\rc.exe --mt=D:\WINDOW~1\10\bin\100220~1.0\x64\mt.exe --manifests  -- "E:\Coding\IDE\Visual Studio\Visual Studio IDE\VC\Tools\MSVC\14.34.31933\bin\Hostx64\x64\link.exe" /nologo CMakeFiles\cmTC_2a0d0.dir\src.c.obj  /out:cmTC_2a0d0.exe /implib:cmTC_2a0d0.lib /pdb:cmTC_2a0d0.pdb /version:0.0 /machine:x64  /debug /INCREMENTAL /subsystem:console  kernel32.lib user32.lib gdi32.lib winspool.lib shell32.lib ole32.lib oleaut32.lib uuid.lib comdlg32.lib advapi32.lib && cd ."
LINK Pass 1: command "E:\Coding\IDE\Visual Studio\Visual Studio IDE\VC\Tools\MSVC\14.34.31933\bin\Hostx64\x64\link.exe /nologo CMakeFiles\cmTC_2a0d0.dir\src.c.obj /out:cmTC_2a0d0.exe /implib:cmTC_2a0d0.lib /pdb:cmTC_2a0d0.pdb /version:0.0 /machine:x64 /debug /INCREMENTAL /subsystem:console kernel32.lib user32.lib gdi32.lib winspool.lib shell32.lib ole32.lib oleaut32.lib uuid.lib comdlg32.lib advapi32.lib /MANIFEST /MANIFESTFILE:CMakeFiles\cmTC_2a0d0.dir/intermediate.manifest CMakeFiles\cmTC_2a0d0.dir/manifest.res" failed (exit code 1120) with the following output:
src.c.obj : error LNK2019: unresolved external symbol __sync_val_compare_and_swap referenced in function main
cmTC_2a0d0.exe : fatal error LNK1120: 1 unresolved externals
ninja: build stopped: subcommand failed.


Source file was:

int main(void)
{
  int a; if (__sync_val_compare_and_swap(&a, 0, 1)) return 1; return 0;
}

Performing C SOURCE FILE Test HAVE_RWLOCK failed with the following output:
Change Dir: E:/Coding/github repo/pbrt-v3/pbrt-v3/out/build/x64-Debug/CMakeFiles/CMakeTmp

Run Build Command(s):E:/Coding/IDE/Visual Studio/Visual Studio IDE/Common7/IDE/CommonExtensions/Microsoft/CMake/Ninja/ninja.exe cmTC_63f8a && [1/2] Building C object CMakeFiles\cmTC_63f8a.dir\src.c.obj
FAILED: CMakeFiles/cmTC_63f8a.dir/src.c.obj 
"E:\Coding\IDE\Visual Studio\Visual Studio IDE\VC\Tools\MSVC\14.34.31933\bin\Hostx64\x64\cl.exe"  /nologo -DHAVE_RWLOCK  /DWIN32 /D_WINDOWS /W3  /MDd /Zi /Ob0 /Od /RTC1 /showIncludes /FoCMakeFiles\cmTC_63f8a.dir\src.c.obj /FdCMakeFiles\cmTC_63f8a.dir\ /FS -c "E:\Coding\github repo\pbrt-v3\pbrt-v3\out\build\x64-Debug\CMakeFiles\CMakeTmp\src.c"
E:\Coding\github repo\pbrt-v3\pbrt-v3\out\build\x64-Debug\CMakeFiles\CMakeTmp\src.c(3): fatal error C1083: Cannot open include file: 'pthread.h': No such file or directory
ninja: build stopped: subcommand failed.


Source file was:

#define _XOPEN_SOURCE 500
#include <pthread.h>
int main(void)
{
  pthread_rwlock_t l;
  pthread_rwlock_init(&l, NULL);
  pthread_rwlock_rdlock(&l);
  return 0;
}

Performing C++ SOURCE FILE Test STL_NO_NAMESPACE failed with the following output:
Change Dir: E:/Coding/github repo/pbrt-v3/pbrt-v3/out/build/x64-Debug/CMakeFiles/CMakeTmp

Run Build Command(s):E:/Coding/IDE/Visual Studio/Visual Studio IDE/Common7/IDE/CommonExtensions/Microsoft/CMake/Ninja/ninja.exe cmTC_f262e && [1/2] Building CXX object CMakeFiles\cmTC_f262e.dir\src.cxx.obj
FAILED: CMakeFiles/cmTC_f262e.dir/src.cxx.obj 
"E:\Coding\IDE\Visual Studio\Visual Studio IDE\VC\Tools\MSVC\14.34.31933\bin\Hostx64\x64\cl.exe"  /nologo /TP -DSTL_NO_NAMESPACE  /DWIN32 /D_WINDOWS /W3 /GR /EHsc  /MDd /Zi /Ob0 /Od /RTC1 /showIncludes /FoCMakeFiles\cmTC_f262e.dir\src.cxx.obj /FdCMakeFiles\cmTC_f262e.dir\ /FS -c "E:\Coding\github repo\pbrt-v3\pbrt-v3\out\build\x64-Debug\CMakeFiles\CMakeTmp\src.cxx"
E:\Coding\github repo\pbrt-v3\pbrt-v3\out\build\x64-Debug\CMakeFiles\CMakeTmp\src.cxx(3): error C2143: syntax error: missing ';' before '<'
E:\Coding\github repo\pbrt-v3\pbrt-v3\out\build\x64-Debug\CMakeFiles\CMakeTmp\src.cxx(3): error C4430: missing type specifier - int assumed. Note: C++ does not support default-int
E:\Coding\github repo\pbrt-v3\pbrt-v3\out\build\x64-Debug\CMakeFiles\CMakeTmp\src.cxx(3): error C2059: syntax error: '<'
ninja: build stopped: subcommand failed.


Source file was:

#include <vector>
vector<int> t; int main() { }

